Harness: REPO_DIR=/Users/admin/Desktop/Documents_local/Revelo/revelo_mngr_repo/mini-repos-IAC-v6/tasks/cdk-ts/7d0d6f7a-fcc7-4d7f-9bbc-97155b1b1709 FRAMEWORK=cdk-ts


Starting LocalStack (harness environment)...
 Network iac-harness-network  Creating
 Network iac-harness-network  Created
 Container localstack-harness  Creating
 Container localstack-harness  Created
 Container localstack-harness  Starting
 Container localstack-harness  Started
Waiting for LocalStack health endpoint: http://localhost:4566/_localstack/health
LocalStack is healthy.

[34m━━━━━━━━━━━━━━━━━━━━━━━━━━━━━━━━━━━━━━━━[0m
[34m  Step: Setup[0m
[34m━━━━━━━━━━━━━━━━━━━━━━━━━━━━━━━━━━━━━━━━[0m
Starting worker container: harness-worker-57840
84fc1df622960d1e14e6085debfd705baec84ef37a4967fa284b057ecce11e81
Installing dependencies (npm install)...
npm warn deprecated inflight@1.0.6: This module is not supported, and leaks memory. Do not use it. Check out lru-cache if you want a good and tested way to coalesce async requests by a key value, which is much more comprehensive and powerful.
npm warn deprecated glob@7.2.3: Old versions of glob are not supported, and contain widely publicized security vulnerabilities, which have been fixed in the current version. Please update. Support for old versions may be purchased (at exorbitant rates) by contacting i@izs.me

added 404 packages, and audited 441 packages in 21s

41 packages are looking for funding
  run `npm fund` for details

5 vulnerabilities (3 moderate, 2 high)

To address issues that do not require attention, run:
  npm audit fix

To address all issues, run:
  npm audit fix --force

Run `npm audit` for details.
npm notice
npm notice New major version of npm available! 10.8.2 -> 11.12.1
npm notice Changelog: https://github.com/npm/cli/releases/tag/v11.12.1
npm notice To update run: npm install -g npm@11.12.1
npm notice
Captured ACM Certificate ARN: arn:aws:acm:us-east-1:000000000000:certificate/4de092c7-d0f5-4883-8585-4fc21daafcba
[32m✅ Step passed: Setup[0m

[34m━━━━━━━━━━━━━━━━━━━━━━━━━━━━━━━━━━━━━━━━[0m
[34m  Step: Syntax / Synth[0m
[34m━━━━━━━━━━━━━━━━━━━━━━━━━━━━━━━━━━━━━━━━[0m
Checking for LocalStack references...
Running cdklocal synth...
Generating template.json for unit tests...
[32m✅ Step passed: Syntax / Synth[0m

[34m━━━━━━━━━━━━━━━━━━━━━━━━━━━━━━━━━━━━━━━━[0m
[34m  Step: Unit tests (pytest)[0m
[34m━━━━━━━━━━━━━━━━━━━━━━━━━━━━━━━━━━━━━━━━[0m
Running pytest unit tests...
============================= test session starts ==============================
platform linux -- Python 3.11.2, pytest-9.0.2, pluggy-1.6.0 -- /usr/bin/python3
cachedir: .pytest_cache
rootdir: /work
configfile: pytest.ini
collecting ... collected 16 items

tests/unit_tests.py::test_resource_inventory_matches_exact_counts PASSED [  6%]
tests/unit_tests.py::test_solution_is_implemented_in_single_root_app_ts_file PASSED [ 12%]
tests/unit_tests.py::test_stack_input_contract_is_limited_to_allowed_configuration_variables PASSED [ 18%]
tests/unit_tests.py::test_aws_endpoint_is_forwarded_to_sdk_endpoint_resolution PASSED [ 25%]
tests/unit_tests.py::test_network_boundaries_are_deterministic_and_restrictive PASSED [ 31%]
tests/unit_tests.py::test_compute_and_api_entrypoint_are_configured_as_requested PASSED [ 37%]
tests/unit_tests.py::test_lambda_code_is_zip_compatible_and_not_image_based PASSED [ 43%]
tests/unit_tests.py::test_lambda_environment_values_use_resource_references_where_needed PASSED [ 50%]
tests/unit_tests.py::test_physical_name_properties_are_not_hardcoded_strings PASSED [ 56%]
tests/unit_tests.py::test_state_machine_pipe_database_and_queue_wiring_are_correct PASSED [ 62%]
tests/unit_tests.py::test_iam_is_minimally_scoped_and_only_uses_unavoidable_resource_wildcards PASSED [ 68%]
tests/unit_tests.py::test_iam_policy_statements_are_scoped_to_expected_resources PASSED [ 75%]
tests/unit_tests.py::test_observability_resources_have_expected_retention_filters_and_alarms PASSED [ 81%]
tests/unit_tests.py::test_api_logging_and_metric_filter_use_dedicated_stage_log_group PASSED [ 87%]
tests/unit_tests.py::test_secret_credentials_and_database_attachment_are_generated_and_referenced PASSED [ 93%]
tests/unit_tests.py::test_template_is_destructible_without_retention_policies PASSED [100%]

============================== 16 passed in 0.07s ==============================
[32m✅ Step passed: Unit tests (pytest)[0m

[34m━━━━━━━━━━━━━━━━━━━━━━━━━━━━━━━━━━━━━━━━[0m
[34m  Step: Deploy (LocalStack)[0m
[34m━━━━━━━━━━━━━━━━━━━━━━━━━━━━━━━━━━━━━━━━[0m
Bootstrapping (if needed)...
Running cdklocal deploy...

✨  Synthesis time: 11.08s

SecurityPostureStack: start: Building fcb8dd876658647eee2dfe06e7e7b6317bc3e869e1eae59adbe717bb1d908dbb
SecurityPostureStack: success: Built fcb8dd876658647eee2dfe06e7e7b6317bc3e869e1eae59adbe717bb1d908dbb
SecurityPostureStack: start: Publishing fcb8dd876658647eee2dfe06e7e7b6317bc3e869e1eae59adbe717bb1d908dbb:current_account-us-east-1
SecurityPostureStack: success: Published fcb8dd876658647eee2dfe06e7e7b6317bc3e869e1eae59adbe717bb1d908dbb:current_account-us-east-1
SecurityPostureStack: deploying... [1/1]
SecurityPostureStack: creating CloudFormation changeset...
SecurityPostureStack |  0/55 | 4:16:03 AM | REVIEW_IN_PROGRESS   | AWS::CloudFormation::Stack                  | SecurityPostureStack User Initiated
SecurityPostureStack |  0/55 | 4:16:03 AM | CREATE_IN_PROGRESS   | AWS::Logs::LogGroup                         | ApiStageLogGroup (ApiStageLogGroup8A7F40C1) 
SecurityPostureStack |  0/55 | 4:16:03 AM | CREATE_IN_PROGRESS   | AWS::CloudFormation::Stack                  | SecurityPostureStack 
SecurityPostureStack |  1/55 | 4:16:04 AM | CREATE_COMPLETE      | AWS::CDK::Metadata                          | CDKMetadata/Default (CDKMetadata) 
SecurityPostureStack |  1/55 | 4:16:04 AM | CREATE_IN_PROGRESS   | AWS::CDK::Metadata                          | CDKMetadata/Default (CDKMetadata) 
SecurityPostureStack |  2/55 | 4:16:04 AM | CREATE_COMPLETE      | AWS::Logs::MetricFilter                     | ApiGateway5xxMetricFilter (ApiGateway5xxMetricFilter75FA0153) Resource type AWS::Logs::MetricFilter is not supported but was deployed as a fallback
SecurityPostureStack |  2/55 | 4:16:04 AM | CREATE_IN_PROGRESS   | AWS::Logs::MetricFilter                     | ApiGateway5xxMetricFilter (ApiGateway5xxMetricFilter75FA0153) 
SecurityPostureStack |  3/55 | 4:16:04 AM | CREATE_COMPLETE      | AWS::Logs::LogGroup                         | ApiStageLogGroup (ApiStageLogGroup8A7F40C1) 
SecurityPostureStack |  3/55 | 4:16:04 AM | CREATE_IN_PROGRESS   | AWS::EC2::VPC                               | Vpc (Vpc8378EB38) 
SecurityPostureStack |  3/55 | 4:16:04 AM | CREATE_IN_PROGRESS   | AWS::EC2::Subnet                            | Vpc/PrivateSubnet1/Subnet (VpcPrivateSubnet1Subnet536B997A) 
SecurityPostureStack |  4/55 | 4:16:04 AM | CREATE_COMPLETE      | AWS::EC2::VPC                               | Vpc (Vpc8378EB38) 
SecurityPostureStack |  5/55 | 4:16:04 AM | CREATE_COMPLETE      | AWS::EC2::Subnet                            | Vpc/PrivateSubnet1/Subnet (VpcPrivateSubnet1Subnet536B997A) 
SecurityPostureStack |  5/55 | 4:16:04 AM | CREATE_IN_PROGRESS   | AWS::EC2::Subnet                            | Vpc/PrivateSubnet2/Subnet (VpcPrivateSubnet2Subnet3788AAA1) 
SecurityPostureStack |  5/55 | 4:16:04 AM | CREATE_IN_PROGRESS   | AWS::RDS::DBSubnetGroup                     | DatabaseSubnetGroup/Default (DatabaseSubnetGroup) 
SecurityPostureStack |  6/55 | 4:16:04 AM | CREATE_COMPLETE      | AWS::EC2::Subnet                            | Vpc/PrivateSubnet2/Subnet (VpcPrivateSubnet2Subnet3788AAA1) 
SecurityPostureStack |  6/55 | 4:16:04 AM | CREATE_IN_PROGRESS   | AWS::SecretsManager::Secret                 | DatabaseCredentialsSecret (DatabaseCredentialsSecret7483BC14) 
SecurityPostureStack |  7/55 | 4:16:04 AM | CREATE_COMPLETE      | AWS::RDS::DBSubnetGroup                     | DatabaseSubnetGroup/Default (DatabaseSubnetGroup) 
SecurityPostureStack |  8/55 | 4:16:04 AM | CREATE_COMPLETE      | AWS::SecretsManager::Secret                 | DatabaseCredentialsSecret (DatabaseCredentialsSecret7483BC14) 
SecurityPostureStack |  8/55 | 4:16:04 AM | CREATE_IN_PROGRESS   | AWS::EC2::SecurityGroup                     | SGDatabase (SGDatabaseD8EC9609) 
SecurityPostureStack |  8/55 | 4:16:04 AM | CREATE_IN_PROGRESS   | AWS::RDS::DBInstance                        | Database (DatabaseB269D8BB) 
SecurityPostureStack |  9/55 | 4:16:04 AM | CREATE_COMPLETE      | AWS::EC2::SecurityGroup                     | SGDatabase (SGDatabaseD8EC9609) 
SecurityPostureStack |  9/55 | 4:16:23 AM | CREATE_IN_PROGRESS   | AWS::SecretsManager::SecretTargetAttachment | DatabaseCredentialsSecret/Attachment (DatabaseCredentialsSecretAttachment867C2196) 
SecurityPostureStack | 10/55 | 4:16:23 AM | CREATE_COMPLETE      | AWS::RDS::DBInstance                        | Database (DatabaseB269D8BB) 
SecurityPostureStack | 10/55 | 4:16:23 AM | CREATE_IN_PROGRESS   | AWS::IAM::Role                              | LambdaExecutionRole (LambdaExecutionRoleD5C26073) 
SecurityPostureStack | 11/55 | 4:16:23 AM | CREATE_COMPLETE      | AWS::SecretsManager::SecretTargetAttachment | DatabaseCredentialsSecret/Attachment (DatabaseCredentialsSecretAttachment867C2196) 
SecurityPostureStack | 11/55 | 4:16:23 AM | CREATE_IN_PROGRESS   | AWS::SQS::Queue                             | IngestQueue (IngestQueue2280FF4E) 
SecurityPostureStack | 12/55 | 4:16:23 AM | CREATE_COMPLETE      | AWS::IAM::Role                              | LambdaExecutionRole (LambdaExecutionRoleD5C26073) 
SecurityPostureStack | 12/55 | 4:16:23 AM | CREATE_IN_PROGRESS   | AWS::IAM::Policy                            | LambdaExecutionRole/DefaultPolicy (LambdaExecutionRoleDefaultPolicy6D69732F) 
SecurityPostureStack | 13/55 | 4:16:23 AM | CREATE_COMPLETE      | AWS::SQS::Queue                             | IngestQueue (IngestQueue2280FF4E) 
SecurityPostureStack | 13/55 | 4:16:23 AM | CREATE_IN_PROGRESS   | AWS::EC2::RouteTable                        | Vpc/PrivateSubnet1/RouteTable (VpcPrivateSubnet1RouteTableB2C5B500) 
SecurityPostureStack | 14/55 | 4:16:23 AM | CREATE_COMPLETE      | AWS::IAM::Policy                            | LambdaExecutionRole/DefaultPolicy (LambdaExecutionRoleDefaultPolicy6D69732F) 
SecurityPostureStack | 14/55 | 4:16:23 AM | CREATE_IN_PROGRESS   | AWS::EC2::SubnetRouteTableAssociation       | Vpc/PrivateSubnet1/RouteTableAssociation (VpcPrivateSubnet1RouteTableAssociation70C59FA6) 
SecurityPostureStack | 15/55 | 4:16:23 AM | CREATE_COMPLETE      | AWS::EC2::RouteTable                        | Vpc/PrivateSubnet1/RouteTable (VpcPrivateSubnet1RouteTableB2C5B500) 
SecurityPostureStack | 16/55 | 4:16:23 AM | CREATE_COMPLETE      | AWS::EC2::SubnetRouteTableAssociation       | Vpc/PrivateSubnet1/RouteTableAssociation (VpcPrivateSubnet1RouteTableAssociation70C59FA6) 
SecurityPostureStack | 16/55 | 4:16:23 AM | CREATE_IN_PROGRESS   | AWS::EC2::InternetGateway                   | Vpc/IGW (VpcIGWD7BA715C) 
SecurityPostureStack | 16/55 | 4:16:23 AM | CREATE_IN_PROGRESS   | AWS::EC2::VPCGatewayAttachment              | Vpc/VPCGW (VpcVPCGWBF912B6E) 
SecurityPostureStack | 17/55 | 4:16:23 AM | CREATE_COMPLETE      | AWS::EC2::InternetGateway                   | Vpc/IGW (VpcIGWD7BA715C) 
SecurityPostureStack | 17/55 | 4:16:23 AM | CREATE_IN_PROGRESS   | AWS::EC2::RouteTable                        | Vpc/PublicSubnet1/RouteTable (VpcPublicSubnet1RouteTable6C95E38E) 
SecurityPostureStack | 18/55 | 4:16:23 AM | CREATE_COMPLETE      | AWS::EC2::VPCGatewayAttachment              | Vpc/VPCGW (VpcVPCGWBF912B6E) 
SecurityPostureStack | 18/55 | 4:16:23 AM | CREATE_IN_PROGRESS   | AWS::EC2::Route                             | Vpc/PublicSubnet1/DefaultRoute (VpcPublicSubnet1DefaultRoute3DA9E72A) 
SecurityPostureStack | 19/55 | 4:16:23 AM | CREATE_COMPLETE      | AWS::EC2::RouteTable                        | Vpc/PublicSubnet1/RouteTable (VpcPublicSubnet1RouteTable6C95E38E) 
SecurityPostureStack | 20/55 | 4:16:23 AM | CREATE_COMPLETE      | AWS::EC2::Route                             | Vpc/PublicSubnet1/DefaultRoute (VpcPublicSubnet1DefaultRoute3DA9E72A) 
SecurityPostureStack | 20/55 | 4:16:23 AM | CREATE_IN_PROGRESS   | AWS::EC2::Subnet                            | Vpc/PublicSubnet1/Subnet (VpcPublicSubnet1Subnet5C2D37C4) 
SecurityPostureStack | 20/55 | 4:16:23 AM | CREATE_IN_PROGRESS   | AWS::EC2::SubnetRouteTableAssociation       | Vpc/PublicSubnet1/RouteTableAssociation (VpcPublicSubnet1RouteTableAssociation97140677) 
SecurityPostureStack | 21/55 | 4:16:23 AM | CREATE_COMPLETE      | AWS::EC2::Subnet                            | Vpc/PublicSubnet1/Subnet (VpcPublicSubnet1Subnet5C2D37C4) 
SecurityPostureStack | 21/55 | 4:16:23 AM | CREATE_IN_PROGRESS   | AWS::EC2::EIP                               | Vpc/PublicSubnet1/EIP (VpcPublicSubnet1EIPD7E02669) 
SecurityPostureStack | 22/55 | 4:16:23 AM | CREATE_COMPLETE      | AWS::EC2::SubnetRouteTableAssociation       | Vpc/PublicSubnet1/RouteTableAssociation (VpcPublicSubnet1RouteTableAssociation97140677) 
SecurityPostureStack | 23/55 | 4:16:23 AM | CREATE_COMPLETE      | AWS::EC2::EIP                               | Vpc/PublicSubnet1/EIP (VpcPublicSubnet1EIPD7E02669) 
SecurityPostureStack | 23/55 | 4:16:23 AM | CREATE_IN_PROGRESS   | AWS::EC2::NatGateway                        | Vpc/PublicSubnet1/NATGateway (VpcPublicSubnet1NATGateway4D7517AA) 
SecurityPostureStack | 23/55 | 4:16:23 AM | CREATE_IN_PROGRESS   | AWS::EC2::RouteTable                        | Vpc/PrivateSubnet2/RouteTable (VpcPrivateSubnet2RouteTableA678073B) 
SecurityPostureStack | 24/55 | 4:16:23 AM | CREATE_COMPLETE      | AWS::EC2::NatGateway                        | Vpc/PublicSubnet1/NATGateway (VpcPublicSubnet1NATGateway4D7517AA) 
SecurityPostureStack | 24/55 | 4:16:23 AM | CREATE_IN_PROGRESS   | AWS::EC2::Route                             | Vpc/PrivateSubnet2/DefaultRoute (VpcPrivateSubnet2DefaultRoute060D2087) 
SecurityPostureStack | 25/55 | 4:16:23 AM | CREATE_COMPLETE      | AWS::EC2::RouteTable                        | Vpc/PrivateSubnet2/RouteTable (VpcPrivateSubnet2RouteTableA678073B) 
SecurityPostureStack | 25/55 | 4:16:23 AM | CREATE_IN_PROGRESS   | AWS::EC2::SubnetRouteTableAssociation       | Vpc/PrivateSubnet2/RouteTableAssociation (VpcPrivateSubnet2RouteTableAssociationA89CAD56) 
SecurityPostureStack | 26/55 | 4:16:23 AM | CREATE_COMPLETE      | AWS::EC2::Route                             | Vpc/PrivateSubnet2/DefaultRoute (VpcPrivateSubnet2DefaultRoute060D2087) 
SecurityPostureStack | 26/55 | 4:16:23 AM | CREATE_IN_PROGRESS   | AWS::EC2::Route                             | Vpc/PrivateSubnet1/DefaultRoute (VpcPrivateSubnet1DefaultRouteBE02A9ED) 
SecurityPostureStack | 27/55 | 4:16:23 AM | CREATE_COMPLETE      | AWS::EC2::SubnetRouteTableAssociation       | Vpc/PrivateSubnet2/RouteTableAssociation (VpcPrivateSubnet2RouteTableAssociationA89CAD56) 
SecurityPostureStack | 27/55 | 4:16:23 AM | CREATE_IN_PROGRESS   | AWS::Logs::LogGroup                         | EnrichWorkerLogGroup (EnrichWorkerLogGroupFE279E21) 
SecurityPostureStack | 28/55 | 4:16:23 AM | CREATE_COMPLETE      | AWS::EC2::Route                             | Vpc/PrivateSubnet1/DefaultRoute (VpcPrivateSubnet1DefaultRouteBE02A9ED) 
SecurityPostureStack | 28/55 | 4:16:23 AM | CREATE_IN_PROGRESS   | AWS::EC2::SecurityGroup                     | SGCompute (SGCompute36503013) 
SecurityPostureStack | 29/55 | 4:16:23 AM | CREATE_COMPLETE      | AWS::Logs::LogGroup                         | EnrichWorkerLogGroup (EnrichWorkerLogGroupFE279E21) 
SecurityPostureStack | 29/55 | 4:16:23 AM | CREATE_IN_PROGRESS   | AWS::Lambda::Function                       | EnrichWorker (EnrichWorker4B8E0E4E) 
SecurityPostureStack | 30/55 | 4:16:23 AM | CREATE_COMPLETE      | AWS::EC2::SecurityGroup                     | SGCompute (SGCompute36503013) 
SecurityPostureStack | 30/55 | 4:16:24 AM | CREATE_IN_PROGRESS   | AWS::CloudWatch::Alarm                      | EnrichWorkerErrorsAlarm (EnrichWorkerErrorsAlarm1A27C740) 
SecurityPostureStack | 31/55 | 4:16:24 AM | CREATE_COMPLETE      | AWS::Lambda::Function                       | EnrichWorker (EnrichWorker4B8E0E4E) 
SecurityPostureStack | 31/55 | 4:16:25 AM | CREATE_IN_PROGRESS   | AWS::IAM::Role                              | PipesExecutionRole (PipesExecutionRole722B522E) 
SecurityPostureStack | 32/55 | 4:16:25 AM | CREATE_COMPLETE      | AWS::CloudWatch::Alarm                      | EnrichWorkerErrorsAlarm (EnrichWorkerErrorsAlarm1A27C740) 
SecurityPostureStack | 32/55 | 4:16:25 AM | CREATE_IN_PROGRESS   | AWS::Logs::LogGroup                         | StepFunctionsLogGroup (StepFunctionsLogGroup8EBFF7CF) 
SecurityPostureStack | 33/55 | 4:16:25 AM | CREATE_COMPLETE      | AWS::IAM::Role                              | PipesExecutionRole (PipesExecutionRole722B522E) 
SecurityPostureStack | 33/55 | 4:16:25 AM | CREATE_IN_PROGRESS   | AWS::IAM::Role                              | StepFunctionsExecutionRole (StepFunctionsExecutionRole5B21F5A6) 
SecurityPostureStack | 34/55 | 4:16:25 AM | CREATE_COMPLETE      | AWS::Logs::LogGroup                         | StepFunctionsLogGroup (StepFunctionsLogGroup8EBFF7CF) 
SecurityPostureStack | 34/55 | 4:16:25 AM | CREATE_IN_PROGRESS   | AWS::IAM::Policy                            | StepFunctionsExecutionRole/DefaultPolicy (StepFunctionsExecutionRoleDefaultPolicyD10BF6E3) 
SecurityPostureStack | 35/55 | 4:16:25 AM | CREATE_COMPLETE      | AWS::IAM::Role                              | StepFunctionsExecutionRole (StepFunctionsExecutionRole5B21F5A6) 
SecurityPostureStack | 35/55 | 4:16:25 AM | CREATE_IN_PROGRESS   | AWS::StepFunctions::StateMachine            | EnrichmentStateMachine (EnrichmentStateMachine8BED6C4E) 
SecurityPostureStack | 36/55 | 4:16:25 AM | CREATE_COMPLETE      | AWS::IAM::Policy                            | StepFunctionsExecutionRole/DefaultPolicy (StepFunctionsExecutionRoleDefaultPolicyD10BF6E3) 
SecurityPostureStack | 36/55 | 4:16:25 AM | CREATE_IN_PROGRESS   | AWS::Pipes::Pipe                            | EnrichmentPipe 
SecurityPostureStack | 37/55 | 4:16:25 AM | CREATE_COMPLETE      | AWS::StepFunctions::StateMachine            | EnrichmentStateMachine (EnrichmentStateMachine8BED6C4E) 
SecurityPostureStack | 37/55 | 4:16:25 AM | CREATE_IN_PROGRESS   | AWS::ApiGateway::RestApi                    | IngestApi (IngestApi90DC3F9D) 
SecurityPostureStack | 38/55 | 4:16:25 AM | CREATE_COMPLETE      | AWS::Pipes::Pipe                            | EnrichmentPipe 
SecurityPostureStack | 38/55 | 4:16:27 AM | CREATE_IN_PROGRESS   | AWS::ApiGateway::Resource                   | IngestApi/Default/ingest (IngestApiingestB7396D42) 
SecurityPostureStack | 39/55 | 4:16:27 AM | CREATE_COMPLETE      | AWS::ApiGateway::RestApi                    | IngestApi (IngestApi90DC3F9D) 
SecurityPostureStack | 39/55 | 4:16:27 AM | CREATE_IN_PROGRESS   | AWS::Logs::LogGroup                         | IngestWorkerLogGroup (IngestWorkerLogGroupEEED6091) 
SecurityPostureStack | 40/55 | 4:16:27 AM | CREATE_COMPLETE      | AWS::ApiGateway::Resource                   | IngestApi/Default/ingest (IngestApiingestB7396D42) 
SecurityPostureStack | 40/55 | 4:16:27 AM | CREATE_IN_PROGRESS   | AWS::Lambda::Function                       | IngestWorker (IngestWorker9AAE44DD) 
SecurityPostureStack | 41/55 | 4:16:27 AM | CREATE_COMPLETE      | AWS::Logs::LogGroup                         | IngestWorkerLogGroup (IngestWorkerLogGroupEEED6091) 
SecurityPostureStack | 41/55 | 4:16:27 AM | CREATE_IN_PROGRESS   | AWS::ApiGateway::Method                     | IngestApi/Default/ingest/POST (IngestApiingestPOSTCB748AF6) 
SecurityPostureStack | 42/55 | 4:16:27 AM | CREATE_COMPLETE      | AWS::Lambda::Function                       | IngestWorker (IngestWorker9AAE44DD) 
SecurityPostureStack | 43/55 | 4:16:27 AM | CREATE_COMPLETE      | AWS::ApiGateway::Method                     | IngestApi/Default/ingest/POST (IngestApiingestPOSTCB748AF6) 
SecurityPostureStack | 43/55 | 4:16:27 AM | CREATE_IN_PROGRESS   | AWS::ApiGateway::Deployment                 | IngestApi/Deployment (IngestApiDeploymentE07E772680c10b68bc0a9f853410951bccf7b8a5) 
SecurityPostureStack | 43/55 | 4:16:27 AM | CREATE_IN_PROGRESS   | AWS::ApiGateway::Stage                      | IngestApi/DeploymentStage.prod (IngestApiDeploymentStageprod8BCE3B40) 
SecurityPostureStack | 44/55 | 4:16:27 AM | CREATE_COMPLETE      | AWS::ApiGateway::Deployment                 | IngestApi/Deployment (IngestApiDeploymentE07E772680c10b68bc0a9f853410951bccf7b8a5) 
SecurityPostureStack | 44/55 | 4:16:27 AM | CREATE_IN_PROGRESS   | AWS::Lambda::Permission                     | IngestApi/Default/ingest/POST/ApiPermission.SecurityPostureStackIngestApi297EFB4B.POST..ingest (IngestApiingestPOSTApiPermissionSecurityPostureStackIngestApi297EFB4BPOSTingest61895EBB) 
SecurityPostureStack | 45/55 | 4:16:27 AM | CREATE_COMPLETE      | AWS::ApiGateway::Stage                      | IngestApi/DeploymentStage.prod (IngestApiDeploymentStageprod8BCE3B40) 
SecurityPostureStack | 45/55 | 4:16:27 AM | CREATE_IN_PROGRESS   | AWS::Lambda::Permission                     | IngestApi/Default/ingest/POST/ApiPermission.Test.SecurityPostureStackIngestApi297EFB4B.POST..ingest (IngestApiingestPOSTApiPermissionTestSecurityPostureStackIngestApi297EFB4BPOSTingest30463CB2) 
SecurityPostureStack | 46/55 | 4:16:27 AM | CREATE_COMPLETE      | AWS::Lambda::Permission                     | IngestApi/Default/ingest/POST/ApiPermission.SecurityPostureStackIngestApi297EFB4B.POST..ingest (IngestApiingestPOSTApiPermissionSecurityPostureStackIngestApi297EFB4BPOSTingest61895EBB) 
SecurityPostureStack | 46/55 | 4:16:27 AM | CREATE_IN_PROGRESS   | AWS::CloudWatch::Alarm                      | IngestWorkerErrorsAlarm (IngestWorkerErrorsAlarmC1269E2D) 
SecurityPostureStack | 47/55 | 4:16:27 AM | CREATE_COMPLETE      | AWS::Lambda::Permission                     | IngestApi/Default/ingest/POST/ApiPermission.Test.SecurityPostureStackIngestApi297EFB4B.POST..ingest (IngestApiingestPOSTApiPermissionTestSecurityPostureStackIngestApi297EFB4BPOSTingest30463CB2) 
SecurityPostureStack | 48/55 | 4:16:27 AM | CREATE_COMPLETE      | AWS::CloudWatch::Alarm                      | IngestWorkerErrorsAlarm (IngestWorkerErrorsAlarmC1269E2D) 
SecurityPostureStack | 48/55 | 4:16:27 AM | CREATE_IN_PROGRESS   | AWS::IAM::Policy                            | PipesExecutionRole/DefaultPolicy (PipesExecutionRoleDefaultPolicy9728DFE2) 
SecurityPostureStack | 48/55 | 4:16:27 AM | CREATE_IN_PROGRESS   | AWS::EC2::SecurityGroupIngress              | SGDatabase/from SecurityPostureStackSGCompute59DB18D1:5432 (SGDatabasefromSecurityPostureStackSGCompute59DB18D154321D8BE281) 
SecurityPostureStack | 49/55 | 4:16:27 AM | CREATE_COMPLETE      | AWS::IAM::Policy                            | PipesExecutionRole/DefaultPolicy (PipesExecutionRoleDefaultPolicy9728DFE2) 
SecurityPostureStack | 49/55 | 4:16:27 AM | CREATE_IN_PROGRESS   | AWS::EC2::RouteTable                        | Vpc/PublicSubnet2/RouteTable (VpcPublicSubnet2RouteTable94F7E489) 
SecurityPostureStack | 50/55 | 4:16:27 AM | CREATE_COMPLETE      | AWS::EC2::SecurityGroupIngress              | SGDatabase/from SecurityPostureStackSGCompute59DB18D1:5432 (SGDatabasefromSecurityPostureStackSGCompute59DB18D154321D8BE281) 
SecurityPostureStack | 50/55 | 4:16:27 AM | CREATE_IN_PROGRESS   | AWS::EC2::Route                             | Vpc/PublicSubnet2/DefaultRoute (VpcPublicSubnet2DefaultRoute97F91067) 
SecurityPostureStack | 51/55 | 4:16:27 AM | CREATE_COMPLETE      | AWS::EC2::RouteTable                        | Vpc/PublicSubnet2/RouteTable (VpcPublicSubnet2RouteTable94F7E489) 
SecurityPostureStack | 52/55 | 4:16:27 AM | CREATE_COMPLETE      | AWS::EC2::Route                             | Vpc/PublicSubnet2/DefaultRoute (VpcPublicSubnet2DefaultRoute97F91067) 
SecurityPostureStack | 52/55 | 4:16:27 AM | CREATE_IN_PROGRESS   | AWS::EC2::Subnet                            | Vpc/PublicSubnet2/Subnet (VpcPublicSubnet2Subnet691E08A3) 
SecurityPostureStack | 52/55 | 4:16:27 AM | CREATE_IN_PROGRESS   | AWS::EC2::SubnetRouteTableAssociation       | Vpc/PublicSubnet2/RouteTableAssociation (VpcPublicSubnet2RouteTableAssociationDD5762D8) 
SecurityPostureStack | 53/55 | 4:16:27 AM | CREATE_COMPLETE      | AWS::EC2::Subnet                            | Vpc/PublicSubnet2/Subnet (VpcPublicSubnet2Subnet691E08A3) 
SecurityPostureStack | 54/55 | 4:16:27 AM | CREATE_COMPLETE      | AWS::EC2::SubnetRouteTableAssociation       | Vpc/PublicSubnet2/RouteTableAssociation (VpcPublicSubnet2RouteTableAssociationDD5762D8) 
SecurityPostureStack | 55/55 | 4:16:27 AM | CREATE_COMPLETE      | AWS::CloudFormation::Stack                  | SecurityPostureStack 

 ✅  SecurityPostureStack

✨  Deployment time: 26.57s

Outputs:
SecurityPostureStack.IngestApiEndpoint5A41F05F = https://y0czfdbhxz.execute-api.localhost.localstack.cloud:4566/prod/
Stack ARN:
arn:aws:cloudformation:us-east-1:000000000000:stack/SecurityPostureStack/aad076d2-c3fc-4096-807a-22d388a278f9

✨  Total time: 37.65s

[32m✅ Step passed: Deploy (LocalStack)[0m

[34m━━━━━━━━━━━━━━━━━━━━━━━━━━━━━━━━━━━━━━━━[0m
[34m  Step: Integration tests[0m
[34m━━━━━━━━━━━━━━━━━━━━━━━━━━━━━━━━━━━━━━━━[0m
Running pytest integration tests...
============================= test session starts ==============================
platform linux -- Python 3.11.2, pytest-9.0.2, pluggy-1.6.0 -- /usr/bin/python3
cachedir: .pytest_cache
rootdir: /work
configfile: pytest.ini
collecting ... collected 10 items

tests/integration_tests.py::test_deployed_template_preserves_exact_resource_contract PASSED [ 10%]
tests/integration_tests.py::test_deployed_template_observability_and_database_contract PASSED [ 20%]
tests/integration_tests.py::test_deployed_runtime_network_and_data_boundaries PASSED [ 30%]
tests/integration_tests.py::test_api_gateway_deployed_route_targets_lambda_proxy PASSED [ 40%]
tests/integration_tests.py::test_direct_queue_message_starts_pipe_and_state_machine_execution PASSED [ 50%]
tests/integration_tests.py::test_api_ingest_happy_path_starts_pipe_and_state_machine_execution PASSED [ 60%]
tests/integration_tests.py::test_api_rejects_wrong_method_and_unknown_route PASSED [ 70%]
tests/integration_tests.py::test_observability_and_runtime_resources_exist_deployed PASSED [ 80%]
tests/integration_tests.py::test_generated_secret_contains_username_and_password PASSED [ 90%]
tests/integration_tests.py::test_deployed_template_iam_scoping_matches_prompt PASSED [100%]

============================== 10 passed in 8.00s ==============================
[32m✅ Step passed: Integration tests[0m

[34m━━━━━━━━━━━━━━━━━━━━━━━━━━━━━━━━━━━━━━━━[0m
[34m  Step: Destroy / Cleanup[0m
[34m━━━━━━━━━━━━━━━━━━━━━━━━━━━━━━━━━━━━━━━━[0m
Running cdklocal destroy...
Cleaning up worker container: harness-worker-57840
[32m✅ Step passed: Destroy / Cleanup[0m

[34m━━━━━━━━━━━━━━━━━━━━━━━━━━━━━━━━━━━━━━━━[0m
[34m  HARNESS SUMMARY[0m
[34m━━━━━━━━━━━━━━━━━━━━━━━━━━━━━━━━━━━━━━━━[0m
[32m✅ setup[0m
[32m✅ syntax/plan[0m
[32m✅ unit tests[0m
[32m✅ deploy (localstack)[0m
[32m✅ integration tests[0m
[32m✅ destroy/cleanup[0m
[34m━━━━━━━━━━━━━━━━━━━━━━━━━━━━━━━━━━━━━━━━[0m
[32m✅ All steps passed.[0m

Log saved to: /Users/admin/Desktop/Documents_local/Revelo/revelo_mngr_repo/mini-repos-IAC-v6/runs/tasks_cdk-ts_7d0d6f7a-fcc7-4d7f-9bbc-97155b1b1709.log
[34m━━━━━━━━━━━━━━━━━━━━━━━━━━━━━━━━━━━━━━━━[0m

Stopping LocalStack...
 Container localstack-harness  Stopping
 Container localstack-harness  Stopped
 Container localstack-harness  Removing
 Container localstack-harness  Removed
 Network iac-harness-network  Removing
 Network iac-harness-network  Removed
