Harness: REPO_DIR=/Users/admin/Desktop/Documents_local/Revelo/revelo_mngr_repo/mini-repos-IAC-v7/tasks/cdk-ts/df2c9c78-77e1-4d27-b78c-0a27067ef040 FRAMEWORK=cdk-ts


Starting LocalStack (harness environment)...
 Network iac-harness-network  Creating
 Network iac-harness-network  Created
 Container localstack-harness  Creating
 Container localstack-harness  Created
 Container localstack-harness  Starting
 Container localstack-harness  Started
Waiting for LocalStack health endpoint: http://localhost:4566/_localstack/health
LocalStack is healthy.

[34m━━━━━━━━━━━━━━━━━━━━━━━━━━━━━━━━━━━━━━━━[0m
[34m  Step: Setup[0m
[34m━━━━━━━━━━━━━━━━━━━━━━━━━━━━━━━━━━━━━━━━[0m
Starting worker container: harness-worker-13243
b639ca2e1bdaf936a5d06637888497b3b0d814a4dcc1cccb59c8bf899a1c43ff
Installing dependencies (npm install)...
npm warn deprecated inflight@1.0.6: This module is not supported, and leaks memory. Do not use it. Check out lru-cache if you want a good and tested way to coalesce async requests by a key value, which is much more comprehensive and powerful.
npm warn deprecated glob@7.2.3: Old versions of glob are not supported, and contain widely publicized security vulnerabilities, which have been fixed in the current version. Please update. Support for old versions may be purchased (at exorbitant rates) by contacting i@izs.me

added 404 packages, and audited 441 packages in 19s

41 packages are looking for funding
  run `npm fund` for details

5 vulnerabilities (3 moderate, 2 high)

To address issues that do not require attention, run:
  npm audit fix

To address all issues, run:
  npm audit fix --force

Run `npm audit` for details.
npm notice
npm notice New major version of npm available! 10.8.2 -> 11.12.1
npm notice Changelog: https://github.com/npm/cli/releases/tag/v11.12.1
npm notice To update run: npm install -g npm@11.12.1
npm notice
Captured ACM Certificate ARN: arn:aws:acm:us-east-1:000000000000:certificate/81a76d5d-6867-4750-a116-a26b70d291b2
[32m✅ Step passed: Setup[0m

[34m━━━━━━━━━━━━━━━━━━━━━━━━━━━━━━━━━━━━━━━━[0m
[34m  Step: Syntax / Synth[0m
[34m━━━━━━━━━━━━━━━━━━━━━━━━━━━━━━━━━━━━━━━━[0m
Checking for LocalStack references...
Running cdklocal synth...
Generating template.json for unit tests...
[32m✅ Step passed: Syntax / Synth[0m

[34m━━━━━━━━━━━━━━━━━━━━━━━━━━━━━━━━━━━━━━━━[0m
[34m  Step: Unit tests (pytest)[0m
[34m━━━━━━━━━━━━━━━━━━━━━━━━━━━━━━━━━━━━━━━━[0m
Running pytest unit tests...
============================= test session starts ==============================
platform linux -- Python 3.11.2, pytest-9.0.2, pluggy-1.6.0 -- /usr/bin/python3
cachedir: .pytest_cache
rootdir: /work
configfile: pytest.ini
collecting ... collected 12 items

tests/unit_tests.py::test_source_contract_and_allowed_inputs PASSED      [  8%]
tests/unit_tests.py::test_synthesize_app_defaults_region_and_applies_endpoint_overrides PASSED [ 16%]
tests/unit_tests.py::test_network_fabric_topology PASSED                 [ 25%]
tests/unit_tests.py::test_security_groups_are_strict PASSED              [ 33%]
tests/unit_tests.py::test_api_gateway_and_lambda_shape PASSED            [ 41%]
tests/unit_tests.py::test_lambda_log_group_and_inline_handler_contract PASSED [ 50%]
tests/unit_tests.py::test_sqs_and_api_lambda_permissions PASSED          [ 58%]
tests/unit_tests.py::test_state_machine_pipe_and_scheduler PASSED        [ 66%]
tests/unit_tests.py::test_rds_redshift_glue_and_audit_storage PASSED     [ 75%]
tests/unit_tests.py::test_glue_role_permissions_are_minimal PASSED       [ 83%]
tests/unit_tests.py::test_cross_resource_wiring_uses_references_and_stack_outputs PASSED [ 91%]
tests/unit_tests.py::test_least_privilege_and_cleanup_settings PASSED    [100%]

============================= 12 passed in 22.63s ==============================
[32m✅ Step passed: Unit tests (pytest)[0m

[34m━━━━━━━━━━━━━━━━━━━━━━━━━━━━━━━━━━━━━━━━[0m
[34m  Step: Deploy (LocalStack)[0m
[34m━━━━━━━━━━━━━━━━━━━━━━━━━━━━━━━━━━━━━━━━[0m
Bootstrapping (if needed)...
Running cdklocal deploy...

✨  Synthesis time: 12.39s

BackendLogicStack: start: Building 72a864813aad6f5348c32a3c93f4a0474e5ab284494cff04d646fe00b47b9221
BackendLogicStack: success: Built 72a864813aad6f5348c32a3c93f4a0474e5ab284494cff04d646fe00b47b9221
BackendLogicStack: start: Publishing 72a864813aad6f5348c32a3c93f4a0474e5ab284494cff04d646fe00b47b9221:current_account-us-east-1
BackendLogicStack: success: Published 72a864813aad6f5348c32a3c93f4a0474e5ab284494cff04d646fe00b47b9221:current_account-us-east-1
BackendLogicStack: deploying... [1/1]
BackendLogicStack: creating CloudFormation changeset...
BackendLogicStack |  0/71 | 8:09:32 PM | REVIEW_IN_PROGRESS   | AWS::CloudFormation::Stack            | BackendLogicStack User Initiated
BackendLogicStack |  0/71 | 8:09:32 PM | CREATE_IN_PROGRESS   | AWS::CloudFormation::Stack            | BackendLogicStack 
BackendLogicStack |  0/71 | 8:09:32 PM | CREATE_IN_PROGRESS   | AWS::IAM::Role                        | ProcessorLambdaRole (ProcessorLambdaRole92D8FEC2) 
BackendLogicStack |  0/71 | 8:09:32 PM | CREATE_IN_PROGRESS   | AWS::Logs::LogGroup                   | SharedLambdaLogGroup (SharedLambdaLogGroup95AE569B) 
BackendLogicStack |  1/71 | 8:09:32 PM | CREATE_COMPLETE      | AWS::IAM::Role                        | ProcessorLambdaRole (ProcessorLambdaRole92D8FEC2) 
BackendLogicStack |  1/71 | 8:09:32 PM | CREATE_IN_PROGRESS   | AWS::S3::Bucket                       | OrdersAuditBucket (OrdersAuditBucket59766683) 
BackendLogicStack |  2/71 | 8:09:32 PM | CREATE_COMPLETE      | AWS::Logs::LogGroup                   | SharedLambdaLogGroup (SharedLambdaLogGroup95AE569B) 
BackendLogicStack |  2/71 | 8:09:32 PM | CREATE_IN_PROGRESS   | AWS::IAM::Policy                      | ProcessorLambdaRole/DefaultPolicy (ProcessorLambdaRoleDefaultPolicyB4CFC09A) 
BackendLogicStack |  3/71 | 8:09:32 PM | CREATE_COMPLETE      | AWS::S3::Bucket                       | OrdersAuditBucket (OrdersAuditBucket59766683) 
BackendLogicStack |  3/71 | 8:09:32 PM | CREATE_IN_PROGRESS   | AWS::Lambda::Function                 | AuditProcessorHandler (AuditProcessorHandler33FADA87) 
BackendLogicStack |  4/71 | 8:09:32 PM | CREATE_COMPLETE      | AWS::IAM::Policy                      | ProcessorLambdaRole/DefaultPolicy (ProcessorLambdaRoleDefaultPolicyB4CFC09A) 
BackendLogicStack |  4/71 | 8:09:33 PM | CREATE_IN_PROGRESS   | AWS::EC2::VPC                         | VpcFabric (VpcFabric4A51E8A4) 
BackendLogicStack |  5/71 | 8:09:33 PM | CREATE_COMPLETE      | AWS::CDK::Metadata                    | CDKMetadata/Default (CDKMetadata) 
BackendLogicStack |  5/71 | 8:09:33 PM | CREATE_IN_PROGRESS   | AWS::CDK::Metadata                    | CDKMetadata/Default (CDKMetadata) 
BackendLogicStack |  6/71 | 8:09:33 PM | CREATE_COMPLETE      | AWS::Lambda::Function                 | AuditProcessorHandler (AuditProcessorHandler33FADA87) 
BackendLogicStack |  6/71 | 8:09:34 PM | CREATE_IN_PROGRESS   | AWS::EC2::SecurityGroup               | ComputeSecurityGroup (ComputeSecurityGroupF0F5C976) 
BackendLogicStack |  7/71 | 8:09:34 PM | CREATE_COMPLETE      | AWS::EC2::VPC                         | VpcFabric (VpcFabric4A51E8A4) 
BackendLogicStack |  7/71 | 8:09:34 PM | CREATE_IN_PROGRESS   | AWS::EC2::SecurityGroup               | DatabaseSecurityGroup (DatabaseSecurityGroup7319C0F6) 
BackendLogicStack |  8/71 | 8:09:34 PM | CREATE_COMPLETE      | AWS::EC2::SecurityGroup               | ComputeSecurityGroup (ComputeSecurityGroupF0F5C976) 
BackendLogicStack |  8/71 | 8:09:34 PM | CREATE_IN_PROGRESS   | AWS::EC2::SecurityGroupIngress        | DatabaseSecurityGroup/from BackendLogicStackComputeSecurityGroup092F9B09:5432 (DatabaseSecurityGroupfromBackendLogicStackComputeSecurityGroup092F9B095432A9190A70) 
BackendLogicStack |  9/71 | 8:09:34 PM | CREATE_COMPLETE      | AWS::EC2::SecurityGroup               | DatabaseSecurityGroup (DatabaseSecurityGroup7319C0F6) 
BackendLogicStack |  9/71 | 8:09:34 PM | CREATE_IN_PROGRESS   | AWS::IAM::Role                        | EnrichmentLambdaRole (EnrichmentLambdaRoleF119480D) 
BackendLogicStack | 10/71 | 8:09:34 PM | CREATE_COMPLETE      | AWS::EC2::SecurityGroupIngress        | DatabaseSecurityGroup/from BackendLogicStackComputeSecurityGroup092F9B09:5432 (DatabaseSecurityGroupfromBackendLogicStackComputeSecurityGroup092F9B095432A9190A70) 
BackendLogicStack | 10/71 | 8:09:34 PM | CREATE_IN_PROGRESS   | AWS::IAM::Policy                      | EnrichmentLambdaRole/DefaultPolicy (EnrichmentLambdaRoleDefaultPolicy555BC48A) 
BackendLogicStack | 11/71 | 8:09:34 PM | CREATE_COMPLETE      | AWS::IAM::Role                        | EnrichmentLambdaRole (EnrichmentLambdaRoleF119480D) 
BackendLogicStack | 11/71 | 8:09:34 PM | CREATE_IN_PROGRESS   | AWS::IAM::Role                        | GlueCrawlerRole (GlueCrawlerRole4AA4B387) 
BackendLogicStack | 12/71 | 8:09:34 PM | CREATE_COMPLETE      | AWS::IAM::Policy                      | EnrichmentLambdaRole/DefaultPolicy (EnrichmentLambdaRoleDefaultPolicy555BC48A) 
BackendLogicStack | 12/71 | 8:09:34 PM | CREATE_IN_PROGRESS   | AWS::SecretsManager::Secret           | RedshiftAdminSecret (RedshiftAdminSecret3A34154B) 
BackendLogicStack | 13/71 | 8:09:34 PM | CREATE_COMPLETE      | AWS::IAM::Role                        | GlueCrawlerRole (GlueCrawlerRole4AA4B387) 
BackendLogicStack | 14/71 | 8:09:34 PM | CREATE_COMPLETE      | AWS::SecretsManager::Secret           | RedshiftAdminSecret (RedshiftAdminSecret3A34154B) 
BackendLogicStack | 14/71 | 8:09:34 PM | CREATE_IN_PROGRESS   | AWS::IAM::Policy                      | GlueCrawlerRole/DefaultPolicy (GlueCrawlerRoleDefaultPolicy44958AC9) 
BackendLogicStack | 14/71 | 8:09:34 PM | CREATE_IN_PROGRESS   | AWS::SQS::Queue                       | OrderEventsQueue (OrderEventsQueue0AEFDDF5) 
BackendLogicStack | 15/71 | 8:09:34 PM | CREATE_COMPLETE      | AWS::IAM::Policy                      | GlueCrawlerRole/DefaultPolicy (GlueCrawlerRoleDefaultPolicy44958AC9) 
BackendLogicStack | 15/71 | 8:09:34 PM | CREATE_IN_PROGRESS   | AWS::SecretsManager::Secret           | OrdersDatabaseSecret (OrdersDatabaseSecret54BBA7BC) 
BackendLogicStack | 16/71 | 8:09:34 PM | CREATE_COMPLETE      | AWS::SQS::Queue                       | OrderEventsQueue (OrderEventsQueue0AEFDDF5) 
BackendLogicStack | 16/71 | 8:09:34 PM | CREATE_IN_PROGRESS   | AWS::IAM::Role                        | OrdersLambdaRole (OrdersLambdaRole8D453521) 
BackendLogicStack | 17/71 | 8:09:34 PM | CREATE_COMPLETE      | AWS::SecretsManager::Secret           | OrdersDatabaseSecret (OrdersDatabaseSecret54BBA7BC) 
BackendLogicStack | 17/71 | 8:09:34 PM | CREATE_IN_PROGRESS   | AWS::IAM::Policy                      | OrdersLambdaRole/DefaultPolicy (OrdersLambdaRoleDefaultPolicyC276459C) 
BackendLogicStack | 18/71 | 8:09:34 PM | CREATE_COMPLETE      | AWS::IAM::Role                        | OrdersLambdaRole (OrdersLambdaRole8D453521) 
BackendLogicStack | 18/71 | 8:09:34 PM | CREATE_IN_PROGRESS   | AWS::EC2::RouteTable                  | VpcFabric/privateSubnet2/RouteTable (VpcFabricprivateSubnet2RouteTable4EBE1A97) 
BackendLogicStack | 19/71 | 8:09:34 PM | CREATE_COMPLETE      | AWS::IAM::Policy                      | OrdersLambdaRole/DefaultPolicy (OrdersLambdaRoleDefaultPolicyC276459C) 
BackendLogicStack | 20/71 | 8:09:34 PM | CREATE_COMPLETE      | AWS::EC2::RouteTable                  | VpcFabric/privateSubnet2/RouteTable (VpcFabricprivateSubnet2RouteTable4EBE1A97) 
BackendLogicStack | 20/71 | 8:09:34 PM | CREATE_IN_PROGRESS   | AWS::EC2::Subnet                      | VpcFabric/privateSubnet2/Subnet (VpcFabricprivateSubnet2Subnet5190CBF2) 
BackendLogicStack | 20/71 | 8:09:34 PM | CREATE_IN_PROGRESS   | AWS::EC2::SubnetRouteTableAssociation | VpcFabric/privateSubnet2/RouteTableAssociation (VpcFabricprivateSubnet2RouteTableAssociation5623A902) 
BackendLogicStack | 21/71 | 8:09:34 PM | CREATE_COMPLETE      | AWS::EC2::Subnet                      | VpcFabric/privateSubnet2/Subnet (VpcFabricprivateSubnet2Subnet5190CBF2) 
BackendLogicStack | 22/71 | 8:09:34 PM | CREATE_COMPLETE      | AWS::EC2::SubnetRouteTableAssociation | VpcFabric/privateSubnet2/RouteTableAssociation (VpcFabricprivateSubnet2RouteTableAssociation5623A902) 
BackendLogicStack | 22/71 | 8:09:34 PM | CREATE_IN_PROGRESS   | AWS::EC2::RouteTable                  | VpcFabric/privateSubnet1/RouteTable (VpcFabricprivateSubnet1RouteTable7FA4E85B) 
BackendLogicStack | 23/71 | 8:09:34 PM | CREATE_COMPLETE      | AWS::EC2::RouteTable                  | VpcFabric/privateSubnet1/RouteTable (VpcFabricprivateSubnet1RouteTable7FA4E85B) 
BackendLogicStack | 23/71 | 8:09:34 PM | CREATE_IN_PROGRESS   | AWS::EC2::Subnet                      | VpcFabric/privateSubnet1/Subnet (VpcFabricprivateSubnet1SubnetD9D686A7) 
BackendLogicStack | 23/71 | 8:09:34 PM | CREATE_IN_PROGRESS   | AWS::EC2::SubnetRouteTableAssociation | VpcFabric/privateSubnet1/RouteTableAssociation (VpcFabricprivateSubnet1RouteTableAssociation348622FF) 
BackendLogicStack | 24/71 | 8:09:34 PM | CREATE_COMPLETE      | AWS::EC2::Subnet                      | VpcFabric/privateSubnet1/Subnet (VpcFabricprivateSubnet1SubnetD9D686A7) 
BackendLogicStack | 24/71 | 8:09:34 PM | CREATE_IN_PROGRESS   | AWS::EC2::InternetGateway             | VpcFabric/IGW (VpcFabricIGW18BCE046) 
BackendLogicStack | 25/71 | 8:09:34 PM | CREATE_COMPLETE      | AWS::EC2::SubnetRouteTableAssociation | VpcFabric/privateSubnet1/RouteTableAssociation (VpcFabricprivateSubnet1RouteTableAssociation348622FF) 
BackendLogicStack | 25/71 | 8:09:34 PM | CREATE_IN_PROGRESS   | AWS::EC2::VPCGatewayAttachment        | VpcFabric/VPCGW (VpcFabricVPCGWA040E6E8) 
BackendLogicStack | 26/71 | 8:09:34 PM | CREATE_COMPLETE      | AWS::EC2::InternetGateway             | VpcFabric/IGW (VpcFabricIGW18BCE046) 
BackendLogicStack | 26/71 | 8:09:34 PM | CREATE_IN_PROGRESS   | AWS::EC2::RouteTable                  | VpcFabric/publicSubnet1/RouteTable (VpcFabricpublicSubnet1RouteTable5AD4B1FE) 
BackendLogicStack | 27/71 | 8:09:34 PM | CREATE_COMPLETE      | AWS::EC2::VPCGatewayAttachment        | VpcFabric/VPCGW (VpcFabricVPCGWA040E6E8) 
BackendLogicStack | 27/71 | 8:09:34 PM | CREATE_IN_PROGRESS   | AWS::EC2::Route                       | VpcFabric/publicSubnet1/DefaultRoute (VpcFabricpublicSubnet1DefaultRoute6646F7A7) 
BackendLogicStack | 28/71 | 8:09:34 PM | CREATE_COMPLETE      | AWS::EC2::RouteTable                  | VpcFabric/publicSubnet1/RouteTable (VpcFabricpublicSubnet1RouteTable5AD4B1FE) 
BackendLogicStack | 29/71 | 8:09:34 PM | CREATE_COMPLETE      | AWS::EC2::Route                       | VpcFabric/publicSubnet1/DefaultRoute (VpcFabricpublicSubnet1DefaultRoute6646F7A7) 
BackendLogicStack | 29/71 | 8:09:34 PM | CREATE_IN_PROGRESS   | AWS::EC2::Subnet                      | VpcFabric/publicSubnet1/Subnet (VpcFabricpublicSubnet1Subnet7837C527) 
BackendLogicStack | 29/71 | 8:09:34 PM | CREATE_IN_PROGRESS   | AWS::EC2::SubnetRouteTableAssociation | VpcFabric/publicSubnet1/RouteTableAssociation (VpcFabricpublicSubnet1RouteTableAssociation1D5E65F0) 
BackendLogicStack | 30/71 | 8:09:34 PM | CREATE_COMPLETE      | AWS::EC2::Subnet                      | VpcFabric/publicSubnet1/Subnet (VpcFabricpublicSubnet1Subnet7837C527) 
BackendLogicStack | 31/71 | 8:09:34 PM | CREATE_COMPLETE      | AWS::EC2::SubnetRouteTableAssociation | VpcFabric/publicSubnet1/RouteTableAssociation (VpcFabricpublicSubnet1RouteTableAssociation1D5E65F0) 
BackendLogicStack | 31/71 | 8:09:34 PM | CREATE_IN_PROGRESS   | AWS::EC2::EIP                         | VpcFabric/publicSubnet1/EIP (VpcFabricpublicSubnet1EIP06044EBB) 
BackendLogicStack | 31/71 | 8:09:34 PM | CREATE_IN_PROGRESS   | AWS::EC2::NatGateway                  | VpcFabric/publicSubnet1/NATGateway (VpcFabricpublicSubnet1NATGateway3EA091C8) 
BackendLogicStack | 32/71 | 8:09:34 PM | CREATE_COMPLETE      | AWS::EC2::EIP                         | VpcFabric/publicSubnet1/EIP (VpcFabricpublicSubnet1EIP06044EBB) 
BackendLogicStack | 33/71 | 8:09:34 PM | CREATE_COMPLETE      | AWS::EC2::NatGateway                  | VpcFabric/publicSubnet1/NATGateway (VpcFabricpublicSubnet1NATGateway3EA091C8) 
BackendLogicStack | 33/71 | 8:09:34 PM | CREATE_IN_PROGRESS   | AWS::EC2::Route                       | VpcFabric/privateSubnet1/DefaultRoute (VpcFabricprivateSubnet1DefaultRouteB984CA72) 
BackendLogicStack | 33/71 | 8:09:34 PM | CREATE_IN_PROGRESS   | AWS::EC2::Route                       | VpcFabric/privateSubnet2/DefaultRoute (VpcFabricprivateSubnet2DefaultRoute77424C5D) 
BackendLogicStack | 34/71 | 8:09:34 PM | CREATE_COMPLETE      | AWS::EC2::Route                       | VpcFabric/privateSubnet1/DefaultRoute (VpcFabricprivateSubnet1DefaultRouteB984CA72) 
BackendLogicStack | 35/71 | 8:09:34 PM | CREATE_COMPLETE      | AWS::RDS::DBSubnetGroup               | OrdersDatabaseSubnetGroup Resource type AWS::RDS::DBSubnetGroup is not supported but was deployed as a fallback
BackendLogicStack | 35/71 | 8:09:34 PM | CREATE_IN_PROGRESS   | AWS::RDS::DBSubnetGroup               | OrdersDatabaseSubnetGroup 
BackendLogicStack | 36/71 | 8:09:34 PM | CREATE_COMPLETE      | AWS::EC2::Route                       | VpcFabric/privateSubnet2/DefaultRoute (VpcFabricprivateSubnet2DefaultRoute77424C5D) 
BackendLogicStack | 36/71 | 8:09:34 PM | CREATE_IN_PROGRESS   | AWS::Lambda::Function                 | OrdersHandler (OrdersHandlerA8584A8A) 
BackendLogicStack | 37/71 | 8:09:34 PM | CREATE_COMPLETE      | AWS::RDS::DBInstance                  | OrdersDatabase Resource type AWS::RDS::DBInstance is not supported but was deployed as a fallback
BackendLogicStack | 37/71 | 8:09:34 PM | CREATE_IN_PROGRESS   | AWS::RDS::DBInstance                  | OrdersDatabase 
BackendLogicStack | 37/71 | 8:09:34 PM | CREATE_IN_PROGRESS   | AWS::IAM::Role                        | HeartbeatSchedulerRole (HeartbeatSchedulerRole5C94C940) 
BackendLogicStack | 38/71 | 8:09:34 PM | CREATE_COMPLETE      | AWS::Lambda::Function                 | OrdersHandler (OrdersHandlerA8584A8A) 
BackendLogicStack | 38/71 | 8:09:34 PM | CREATE_IN_PROGRESS   | AWS::Scheduler::Schedule              | HeartbeatSchedule 
BackendLogicStack | 39/71 | 8:09:34 PM | CREATE_COMPLETE      | AWS::IAM::Role                        | HeartbeatSchedulerRole (HeartbeatSchedulerRole5C94C940) 
BackendLogicStack | 39/71 | 8:09:36 PM | CREATE_IN_PROGRESS   | AWS::IAM::Policy                      | HeartbeatSchedulerRole/DefaultPolicy (HeartbeatSchedulerRoleDefaultPolicy59EEC027) 
BackendLogicStack | 40/71 | 8:09:36 PM | CREATE_COMPLETE      | AWS::Scheduler::Schedule              | HeartbeatSchedule 
BackendLogicStack | 40/71 | 8:09:36 PM | CREATE_IN_PROGRESS   | AWS::IAM::Role                        | OrderPipeRole (OrderPipeRole999CA800) 
BackendLogicStack | 41/71 | 8:09:36 PM | CREATE_COMPLETE      | AWS::IAM::Policy                      | HeartbeatSchedulerRole/DefaultPolicy (HeartbeatSchedulerRoleDefaultPolicy59EEC027) 
BackendLogicStack | 41/71 | 8:09:36 PM | CREATE_IN_PROGRESS   | AWS::IAM::Role                        | OrderProcessingStateMachine/Role (OrderProcessingStateMachineRole4E5EB240) 
BackendLogicStack | 42/71 | 8:09:36 PM | CREATE_COMPLETE      | AWS::IAM::Role                        | OrderPipeRole (OrderPipeRole999CA800) 
BackendLogicStack | 43/71 | 8:09:36 PM | CREATE_COMPLETE      | AWS::IAM::Role                        | OrderProcessingStateMachine/Role (OrderProcessingStateMachineRole4E5EB240) 
BackendLogicStack | 43/71 | 8:09:36 PM | CREATE_IN_PROGRESS   | AWS::IAM::Policy                      | OrderProcessingStateMachine/Role/DefaultPolicy (OrderProcessingStateMachineRoleDefaultPolicyECD569AF) 
BackendLogicStack | 43/71 | 8:09:36 PM | CREATE_IN_PROGRESS   | AWS::StepFunctions::StateMachine      | OrderProcessingStateMachine (OrderProcessingStateMachineD268D63F) 
BackendLogicStack | 44/71 | 8:09:36 PM | CREATE_COMPLETE      | AWS::IAM::Policy                      | OrderProcessingStateMachine/Role/DefaultPolicy (OrderProcessingStateMachineRoleDefaultPolicyECD569AF) 
BackendLogicStack | 44/71 | 8:09:37 PM | CREATE_IN_PROGRESS   | AWS::Lambda::Function                 | PipeEnrichmentHandler (PipeEnrichmentHandler5B44D58C) 
BackendLogicStack | 45/71 | 8:09:37 PM | CREATE_COMPLETE      | AWS::StepFunctions::StateMachine      | OrderProcessingStateMachine (OrderProcessingStateMachineD268D63F) 
BackendLogicStack | 45/71 | 8:09:37 PM | CREATE_IN_PROGRESS   | AWS::IAM::Policy                      | OrderPipeRole/DefaultPolicy (OrderPipeRoleDefaultPolicyFA422FAA) 
BackendLogicStack | 46/71 | 8:09:37 PM | CREATE_COMPLETE      | AWS::Lambda::Function                 | PipeEnrichmentHandler (PipeEnrichmentHandler5B44D58C) 
BackendLogicStack | 46/71 | 8:09:37 PM | CREATE_IN_PROGRESS   | AWS::ApiGateway::RestApi              | OrdersApi (OrdersApi48294D44) 
BackendLogicStack | 47/71 | 8:09:37 PM | CREATE_COMPLETE      | AWS::IAM::Policy                      | OrderPipeRole/DefaultPolicy (OrderPipeRoleDefaultPolicyFA422FAA) 
BackendLogicStack | 47/71 | 8:09:39 PM | CREATE_IN_PROGRESS   | AWS::ApiGateway::Resource             | OrdersApi/Default/orders (OrdersApiordersDBA2FB62) 
BackendLogicStack | 48/71 | 8:09:39 PM | CREATE_COMPLETE      | AWS::ApiGateway::RestApi              | OrdersApi (OrdersApi48294D44) 
BackendLogicStack | 48/71 | 8:09:39 PM | CREATE_IN_PROGRESS   | AWS::ApiGateway::Method               | OrdersApi/Default/orders/POST (OrdersApiordersPOSTAD0E8A63) 
BackendLogicStack | 49/71 | 8:09:39 PM | CREATE_COMPLETE      | AWS::ApiGateway::Resource             | OrdersApi/Default/orders (OrdersApiordersDBA2FB62) 
BackendLogicStack | 49/71 | 8:09:39 PM | CREATE_IN_PROGRESS   | AWS::ApiGateway::Method               | OrdersApi/Default/orders/GET (OrdersApiordersGETCB4E4D5D) 
BackendLogicStack | 50/71 | 8:09:39 PM | CREATE_COMPLETE      | AWS::ApiGateway::Method               | OrdersApi/Default/orders/POST (OrdersApiordersPOSTAD0E8A63) 
BackendLogicStack | 50/71 | 8:09:39 PM | CREATE_IN_PROGRESS   | AWS::ApiGateway::Deployment           | OrdersApi/Deployment (OrdersApiDeployment7E959249c409dea025b73ffbea42922a74b9d12d) 
BackendLogicStack | 51/71 | 8:09:39 PM | CREATE_COMPLETE      | AWS::ApiGateway::Method               | OrdersApi/Default/orders/GET (OrdersApiordersGETCB4E4D5D) 
BackendLogicStack | 51/71 | 8:09:39 PM | CREATE_IN_PROGRESS   | AWS::ApiGateway::Stage                | OrdersApi/DeploymentStage.prod (OrdersApiDeploymentStageprod80C33D00) 
BackendLogicStack | 52/71 | 8:09:39 PM | CREATE_COMPLETE      | AWS::ApiGateway::Deployment           | OrdersApi/Deployment (OrdersApiDeployment7E959249c409dea025b73ffbea42922a74b9d12d) 
BackendLogicStack | 52/71 | 8:09:39 PM | CREATE_IN_PROGRESS   | AWS::Lambda::Permission               | OrdersApi/Default/orders/GET/ApiPermission.BackendLogicStackOrdersApi9CBA38FE.GET..orders (OrdersApiordersGETApiPermissionBackendLogicStackOrdersApi9CBA38FEGETordersFC894EBB) 
BackendLogicStack | 53/71 | 8:09:39 PM | CREATE_COMPLETE      | AWS::ApiGateway::Stage                | OrdersApi/DeploymentStage.prod (OrdersApiDeploymentStageprod80C33D00) 
BackendLogicStack | 53/71 | 8:09:39 PM | CREATE_IN_PROGRESS   | AWS::Lambda::Permission               | OrdersApi/Default/orders/GET/ApiPermission.Test.BackendLogicStackOrdersApi9CBA38FE.GET..orders (OrdersApiordersGETApiPermissionTestBackendLogicStackOrdersApi9CBA38FEGETorders03DA7FA3) 
BackendLogicStack | 54/71 | 8:09:39 PM | CREATE_COMPLETE      | AWS::Lambda::Permission               | OrdersApi/Default/orders/GET/ApiPermission.BackendLogicStackOrdersApi9CBA38FE.GET..orders (OrdersApiordersGETApiPermissionBackendLogicStackOrdersApi9CBA38FEGETordersFC894EBB) 
BackendLogicStack | 54/71 | 8:09:39 PM | CREATE_IN_PROGRESS   | AWS::Lambda::Permission               | OrdersApi/Default/orders/POST/ApiPermission.BackendLogicStackOrdersApi9CBA38FE.POST..orders (OrdersApiordersPOSTApiPermissionBackendLogicStackOrdersApi9CBA38FEPOSTorders3C02E076) 
BackendLogicStack | 55/71 | 8:09:39 PM | CREATE_COMPLETE      | AWS::Lambda::Permission               | OrdersApi/Default/orders/GET/ApiPermission.Test.BackendLogicStackOrdersApi9CBA38FE.GET..orders (OrdersApiordersGETApiPermissionTestBackendLogicStackOrdersApi9CBA38FEGETorders03DA7FA3) 
BackendLogicStack | 56/71 | 8:09:39 PM | CREATE_COMPLETE      | AWS::Lambda::Permission               | OrdersApi/Default/orders/POST/ApiPermission.BackendLogicStackOrdersApi9CBA38FE.POST..orders (OrdersApiordersPOSTApiPermissionBackendLogicStackOrdersApi9CBA38FEPOSTorders3C02E076) 
BackendLogicStack | 56/71 | 8:09:39 PM | CREATE_IN_PROGRESS   | AWS::Lambda::Permission               | OrdersApi/Default/orders/POST/ApiPermission.Test.BackendLogicStackOrdersApi9CBA38FE.POST..orders (OrdersApiordersPOSTApiPermissionTestBackendLogicStackOrdersApi9CBA38FEPOSTordersB328FD7A) 
BackendLogicStack | 56/71 | 8:09:39 PM | CREATE_IN_PROGRESS   | AWS::S3::BucketPolicy                 | OrdersAuditBucket/Policy (OrdersAuditBucketPolicy443FBB09) 
BackendLogicStack | 57/71 | 8:09:39 PM | CREATE_COMPLETE      | AWS::Lambda::Permission               | OrdersApi/Default/orders/POST/ApiPermission.Test.BackendLogicStackOrdersApi9CBA38FE.POST..orders (OrdersApiordersPOSTApiPermissionTestBackendLogicStackOrdersApi9CBA38FEPOSTordersB328FD7A) 
BackendLogicStack | 57/71 | 8:09:39 PM | CREATE_IN_PROGRESS   | AWS::Glue::Database                   | OrdersCatalogDatabase 
BackendLogicStack | 58/71 | 8:09:39 PM | CREATE_COMPLETE      | AWS::S3::BucketPolicy                 | OrdersAuditBucket/Policy (OrdersAuditBucketPolicy443FBB09) 
BackendLogicStack | 58/71 | 8:09:39 PM | CREATE_IN_PROGRESS   | AWS::Lambda::Permission               | OrdersHandler/AllowSchedulerInvocation (OrdersHandlerAllowSchedulerInvocation323DDD68) 
BackendLogicStack | 59/71 | 8:09:39 PM | CREATE_COMPLETE      | AWS::Glue::Database                   | OrdersCatalogDatabase Resource type AWS::Glue::Database is not supported but was deployed as a fallback
BackendLogicStack | 59/71 | 8:09:39 PM | CREATE_IN_PROGRESS   | AWS::Redshift::ClusterSubnetGroup     | RedshiftSubnetGroup 
BackendLogicStack | 60/71 | 8:09:39 PM | CREATE_COMPLETE      | AWS::Lambda::Permission               | OrdersHandler/AllowSchedulerInvocation (OrdersHandlerAllowSchedulerInvocation323DDD68) 
BackendLogicStack | 61/71 | 8:09:39 PM | CREATE_COMPLETE      | AWS::Redshift::ClusterSubnetGroup     | RedshiftSubnetGroup 
BackendLogicStack | 61/71 | 8:09:39 PM | CREATE_IN_PROGRESS   | AWS::Redshift::Cluster                | OrdersWarehouse 
BackendLogicStack | 61/71 | 8:09:39 PM | CREATE_IN_PROGRESS   | AWS::Lambda::Permission               | PipeEnrichmentHandler/AllowPipeInvocation (PipeEnrichmentHandlerAllowPipeInvocation36D215DC) 
BackendLogicStack | 62/71 | 8:09:39 PM | CREATE_COMPLETE      | AWS::Pipes::Pipe                      | QueueToStateMachinePipe Resource type AWS::Pipes::Pipe is not supported but was deployed as a fallback
BackendLogicStack | 62/71 | 8:09:39 PM | CREATE_IN_PROGRESS   | AWS::Pipes::Pipe                      | QueueToStateMachinePipe 
BackendLogicStack | 63/71 | 8:09:39 PM | CREATE_COMPLETE      | AWS::Redshift::Cluster                | OrdersWarehouse 
BackendLogicStack | 64/71 | 8:09:39 PM | CREATE_COMPLETE      | AWS::Lambda::Permission               | PipeEnrichmentHandler/AllowPipeInvocation (PipeEnrichmentHandlerAllowPipeInvocation36D215DC) 
BackendLogicStack | 65/71 | 8:09:39 PM | CREATE_COMPLETE      | AWS::Glue::Connection                 | RedshiftJdbcConnection Resource type AWS::Glue::Connection is not supported but was deployed as a fallback
BackendLogicStack | 65/71 | 8:09:39 PM | CREATE_IN_PROGRESS   | AWS::Glue::Connection                 | RedshiftJdbcConnection 
BackendLogicStack | 65/71 | 8:09:39 PM | CREATE_IN_PROGRESS   | AWS::EC2::RouteTable                  | VpcFabric/publicSubnet2/RouteTable (VpcFabricpublicSubnet2RouteTable22207389) 
BackendLogicStack | 66/71 | 8:09:39 PM | CREATE_COMPLETE      | AWS::Glue::Crawler                    | RedshiftCrawler Resource type AWS::Glue::Crawler is not supported but was deployed as a fallback
BackendLogicStack | 66/71 | 8:09:39 PM | CREATE_IN_PROGRESS   | AWS::Glue::Crawler                    | RedshiftCrawler 
BackendLogicStack | 66/71 | 8:09:39 PM | CREATE_IN_PROGRESS   | AWS::EC2::Route                       | VpcFabric/publicSubnet2/DefaultRoute (VpcFabricpublicSubnet2DefaultRoute4C5371A7) 
BackendLogicStack | 67/71 | 8:09:39 PM | CREATE_COMPLETE      | AWS::EC2::RouteTable                  | VpcFabric/publicSubnet2/RouteTable (VpcFabricpublicSubnet2RouteTable22207389) 
BackendLogicStack | 68/71 | 8:09:39 PM | CREATE_COMPLETE      | AWS::EC2::Route                       | VpcFabric/publicSubnet2/DefaultRoute (VpcFabricpublicSubnet2DefaultRoute4C5371A7) 
BackendLogicStack | 68/71 | 8:09:39 PM | CREATE_IN_PROGRESS   | AWS::EC2::Subnet                      | VpcFabric/publicSubnet2/Subnet (VpcFabricpublicSubnet2Subnet182461B4) 
BackendLogicStack | 68/71 | 8:09:39 PM | CREATE_IN_PROGRESS   | AWS::EC2::SubnetRouteTableAssociation | VpcFabric/publicSubnet2/RouteTableAssociation (VpcFabricpublicSubnet2RouteTableAssociationA5EDC2EF) 
BackendLogicStack | 69/71 | 8:09:39 PM | CREATE_COMPLETE      | AWS::EC2::Subnet                      | VpcFabric/publicSubnet2/Subnet (VpcFabricpublicSubnet2Subnet182461B4) 
BackendLogicStack | 70/71 | 8:09:39 PM | CREATE_COMPLETE      | AWS::EC2::SubnetRouteTableAssociation | VpcFabric/publicSubnet2/RouteTableAssociation (VpcFabricpublicSubnet2RouteTableAssociationA5EDC2EF) 
BackendLogicStack | 71/71 | 8:09:39 PM | CREATE_COMPLETE      | AWS::CloudFormation::Stack            | BackendLogicStack 

 ✅  BackendLogicStack

✨  Deployment time: 10.61s

Outputs:
BackendLogicStack.OrdersApiEndpointAC1CCDAC = https://dtrdjzwjgk.execute-api.localhost.localstack.cloud:4566/prod/
BackendLogicStack.OrdersApiUrl = https://dtrdjzwjgk.execute-api.localhost.localstack.cloud:4566/prod/
Stack ARN:
arn:aws:cloudformation:us-east-1:000000000000:stack/BackendLogicStack/74f84b82-0efb-4f7c-8505-2b5a5557dad9

✨  Total time: 23s

[32m✅ Step passed: Deploy (LocalStack)[0m

[34m━━━━━━━━━━━━━━━━━━━━━━━━━━━━━━━━━━━━━━━━[0m
[34m  Step: Integration tests[0m
[34m━━━━━━━━━━━━━━━━━━━━━━━━━━━━━━━━━━━━━━━━[0m
Running pytest integration tests...
============================= test session starts ==============================
platform linux -- Python 3.11.2, pytest-9.0.2, pluggy-1.6.0 -- /usr/bin/python3
cachedir: .pytest_cache
rootdir: /work
configfile: pytest.ini
collecting ... collected 10 items

tests/integration_tests.py::test_cdk_synth_passes PASSED                 [ 10%]
tests/integration_tests.py::test_stack_topology_and_allowed_inputs PASSED [ 20%]
tests/integration_tests.py::test_vpc_and_security_groups_are_deployed_correctly PASSED [ 30%]
tests/integration_tests.py::test_api_gateway_lambda_and_log_group_runtime_behavior PASSED [ 40%]
tests/integration_tests.py::test_post_orders_creates_an_audited_order_record PASSED [ 50%]
tests/integration_tests.py::test_queue_workflow_pipe_and_scheduler_deploy_with_scoped_integrations PASSED [ 60%]
tests/integration_tests.py::test_data_platform_and_audit_resources_are_encrypted_and_private PASSED [ 70%]
tests/integration_tests.py::test_processor_lambda_writes_audit_records_to_s3 PASSED [ 80%]
tests/integration_tests.py::test_glue_role_is_scoped_to_secret_connection_catalog_and_logs PASSED [ 90%]
tests/integration_tests.py::test_deployed_iam_is_least_privilege_and_no_retention_or_kms_leaks PASSED [100%]

============================= 10 passed in 19.34s ==============================
[32m✅ Step passed: Integration tests[0m

[34m━━━━━━━━━━━━━━━━━━━━━━━━━━━━━━━━━━━━━━━━[0m
[34m  Step: Destroy / Cleanup[0m
[34m━━━━━━━━━━━━━━━━━━━━━━━━━━━━━━━━━━━━━━━━[0m
Running cdklocal destroy...
Cleaning up worker container: harness-worker-13243
[32m✅ Step passed: Destroy / Cleanup[0m

[34m━━━━━━━━━━━━━━━━━━━━━━━━━━━━━━━━━━━━━━━━[0m
[34m  HARNESS SUMMARY[0m
[34m━━━━━━━━━━━━━━━━━━━━━━━━━━━━━━━━━━━━━━━━[0m
[32m✅ setup[0m
[32m✅ syntax/plan[0m
[32m✅ unit tests[0m
[32m✅ deploy (localstack)[0m
[32m✅ integration tests[0m
[32m✅ destroy/cleanup[0m
[34m━━━━━━━━━━━━━━━━━━━━━━━━━━━━━━━━━━━━━━━━[0m
[32m✅ All steps passed.[0m

Log saved to: /Users/admin/Desktop/Documents_local/Revelo/revelo_mngr_repo/mini-repos-IAC-v7/runs/tasks_cdk-ts_df2c9c78-77e1-4d27-b78c-0a27067ef040.log
[34m━━━━━━━━━━━━━━━━━━━━━━━━━━━━━━━━━━━━━━━━[0m

Stopping LocalStack...
 Container localstack-harness  Stopping
 Container localstack-harness  Stopped
 Container localstack-harness  Removing
 Container localstack-harness  Removed
 Network iac-harness-network  Removing
 Network iac-harness-network  Removed
