Harness: REPO_DIR=/Users/admin/Desktop/Documents_local/Revelo/revelo_mngr_repo/mini-repos-IAC-v7/tasks/cdk-py/cdee2246-5298-49f0-bab2-85bd532f454d FRAMEWORK=cdk-py


Starting LocalStack (harness environment)...
 Network iac-harness-network  Creating
 Network iac-harness-network  Created
 Container localstack-harness  Creating
 Container localstack-harness  Created
 Container localstack-harness  Starting
 Container localstack-harness  Started
Waiting for LocalStack health endpoint: http://localhost:4566/_localstack/health
LocalStack is healthy.

[34m━━━━━━━━━━━━━━━━━━━━━━━━━━━━━━━━━━━━━━━━[0m
[34m  Step: Setup[0m
[34m━━━━━━━━━━━━━━━━━━━━━━━━━━━━━━━━━━━━━━━━[0m
Starting worker container: harness-worker-50642
bfd5851c42be5abddfb8f000907b18ff6dc2783b3b1a8b365464288e2ac1d66d
Installing dependencies (pip install -r requirements.txt)...
Captured ACM Certificate ARN: arn:aws:acm:us-east-1:000000000000:certificate/2810e784-2398-46f4-8c45-cc76201fc61b
[32m✅ Step passed: Setup[0m

[34m━━━━━━━━━━━━━━━━━━━━━━━━━━━━━━━━━━━━━━━━[0m
[34m  Step: Syntax / Synth[0m
[34m━━━━━━━━━━━━━━━━━━━━━━━━━━━━━━━━━━━━━━━━[0m
Checking for LocalStack references...
Running cdklocal synth...
Generating template.json for unit tests...
[32m✅ Step passed: Syntax / Synth[0m

[34m━━━━━━━━━━━━━━━━━━━━━━━━━━━━━━━━━━━━━━━━[0m
[34m  Step: Unit tests (pytest)[0m
[34m━━━━━━━━━━━━━━━━━━━━━━━━━━━━━━━━━━━━━━━━[0m
Running pytest unit tests...
============================= test session starts ==============================
platform linux -- Python 3.12.13, pytest-9.0.2, pluggy-1.6.0 -- /usr/local/bin/python3.12
cachedir: .pytest_cache
rootdir: /work
configfile: pytest.ini
plugins: typeguard-2.13.3
collecting ... collected 14 items

tests/unit_tests.py::test_vpc_subnets_nat_and_endpoints_are_exact PASSED [  7%]
tests/unit_tests.py::test_frontend_bucket_cloudfront_oac_and_policy PASSED [ 14%]
tests/unit_tests.py::test_backend_lambda_api_gateway_and_logs PASSED     [ 21%]
tests/unit_tests.py::test_database_secret_and_initializer PASSED         [ 28%]
tests/unit_tests.py::test_security_groups_are_least_privilege_for_database_path PASSED [ 35%]
tests/unit_tests.py::test_region_and_endpoint_defaults_and_overrides_are_reflected_in_lambda_environment PASSED [ 42%]
tests/unit_tests.py::test_aws_credentials_inputs_are_supported_without_lambda_leakage PASSED [ 50%]
tests/unit_tests.py::test_template_has_no_resource_retention_policies PASSED [ 57%]
tests/unit_tests.py::test_stack_termination_protection_is_disabled PASSED [ 64%]
tests/unit_tests.py::test_lambda_deployments_are_zip_assets PASSED       [ 71%]
tests/unit_tests.py::test_lambda_asset_bundling_includes_postgres_dependency PASSED [ 78%]
tests/unit_tests.py::test_enrichment_lambda_asset_bundling_produces_zip_source PASSED [ 85%]
tests/unit_tests.py::test_resource_names_are_deterministic PASSED        [ 92%]
tests/unit_tests.py::test_single_file_infrastructure_constraint PASSED   [100%]

============================= 14 passed in 11.90s ==============================
[32m✅ Step passed: Unit tests (pytest)[0m

[34m━━━━━━━━━━━━━━━━━━━━━━━━━━━━━━━━━━━━━━━━[0m
[34m  Step: Deploy (LocalStack)[0m
[34m━━━━━━━━━━━━━━━━━━━━━━━━━━━━━━━━━━━━━━━━[0m
Bootstrapping (if needed)...
Running cdklocal deploy...

✨  Synthesis time: 7.16s

ThreeTierStack: start: Building 694296efd6634ba860eb23fb67cdc9c0793fb400005d067d98e15975c41d5a81
ThreeTierStack: success: Built 694296efd6634ba860eb23fb67cdc9c0793fb400005d067d98e15975c41d5a81
ThreeTierStack: start: Building 6595c655836aacbf30f1e8cfc68fd4d34178f6eddbd93ee042999d88e879e0fa
ThreeTierStack: success: Built 6595c655836aacbf30f1e8cfc68fd4d34178f6eddbd93ee042999d88e879e0fa
ThreeTierStack: start: Building 9b9c86ad22663e11a54db836b0f32b3886e455c0a07b971d7685378b7db427cf
ThreeTierStack: success: Built 9b9c86ad22663e11a54db836b0f32b3886e455c0a07b971d7685378b7db427cf
ThreeTierStack: start: Publishing 694296efd6634ba860eb23fb67cdc9c0793fb400005d067d98e15975c41d5a81:000000000000-us-east-1
ThreeTierStack: start: Building e95be46e81d6d4eaf68b11334679111b96d0e7934c46d6511d91273ca03441b0
ThreeTierStack: success: Built e95be46e81d6d4eaf68b11334679111b96d0e7934c46d6511d91273ca03441b0
ThreeTierStack: start: Publishing e95be46e81d6d4eaf68b11334679111b96d0e7934c46d6511d91273ca03441b0:000000000000-us-east-1
ThreeTierStack: start: Publishing 6595c655836aacbf30f1e8cfc68fd4d34178f6eddbd93ee042999d88e879e0fa:000000000000-us-east-1
ThreeTierStack: start: Publishing 9b9c86ad22663e11a54db836b0f32b3886e455c0a07b971d7685378b7db427cf:000000000000-us-east-1
ThreeTierStack: success: Published e95be46e81d6d4eaf68b11334679111b96d0e7934c46d6511d91273ca03441b0:000000000000-us-east-1
ThreeTierStack: success: Published 6595c655836aacbf30f1e8cfc68fd4d34178f6eddbd93ee042999d88e879e0fa:000000000000-us-east-1
ThreeTierStack: success: Published 694296efd6634ba860eb23fb67cdc9c0793fb400005d067d98e15975c41d5a81:000000000000-us-east-1
ThreeTierStack: success: Published 9b9c86ad22663e11a54db836b0f32b3886e455c0a07b971d7685378b7db427cf:000000000000-us-east-1
ThreeTierStack: deploying... [1/1]
ThreeTierStack: creating CloudFormation changeset...
ThreeTierStack |  0/78 | 3:39:18 AM | REVIEW_IN_PROGRESS   | AWS::CloudFormation::Stack                | ThreeTierStack User Initiated
ThreeTierStack |  0/78 | 3:39:18 AM | CREATE_IN_PROGRESS   | AWS::CloudFormation::Stack                | ThreeTierStack 
ThreeTierStack |  0/78 | 3:39:18 AM | CREATE_IN_PROGRESS   | AWS::EC2::VPC                             | Vpc 
ThreeTierStack |  0/78 | 3:39:18 AM | CREATE_IN_PROGRESS   | AWS::EC2::Subnet                          | PrivateSubnetA 
ThreeTierStack |  1/78 | 3:39:18 AM | CREATE_COMPLETE      | AWS::EC2::VPC                             | Vpc 
ThreeTierStack |  2/78 | 3:39:18 AM | CREATE_COMPLETE      | AWS::EC2::Subnet                          | PrivateSubnetA 
ThreeTierStack |  2/78 | 3:39:18 AM | CREATE_IN_PROGRESS   | AWS::EC2::Subnet                          | PrivateSubnetB 
ThreeTierStack |  2/78 | 3:39:18 AM | CREATE_IN_PROGRESS   | AWS::RDS::DBSubnetGroup                   | DatabaseSubnetGroup 
ThreeTierStack |  3/78 | 3:39:18 AM | CREATE_COMPLETE      | AWS::EC2::Subnet                          | PrivateSubnetB 
ThreeTierStack |  3/78 | 3:39:18 AM | CREATE_IN_PROGRESS   | AWS::SecretsManager::Secret               | DatabaseCredentialsSecret 
ThreeTierStack |  4/78 | 3:39:18 AM | CREATE_COMPLETE      | AWS::RDS::DBSubnetGroup                   | DatabaseSubnetGroup Resource type AWS::RDS::DBSubnetGroup is not supported but was deployed as a fallback
ThreeTierStack |  5/78 | 3:39:18 AM | CREATE_COMPLETE      | AWS::SecretsManager::Secret               | DatabaseCredentialsSecret 
ThreeTierStack |  5/78 | 3:39:18 AM | CREATE_IN_PROGRESS   | AWS::EC2::SecurityGroup                   | DatabaseSecurityGroup 
ThreeTierStack |  5/78 | 3:39:18 AM | CREATE_IN_PROGRESS   | AWS::Logs::LogGroup                       | BackendLambdaLogGroup 
ThreeTierStack |  6/78 | 3:39:18 AM | CREATE_COMPLETE      | AWS::RDS::DBInstance                      | DatabaseInstance Resource type AWS::RDS::DBInstance is not supported but was deployed as a fallback
ThreeTierStack |  6/78 | 3:39:18 AM | CREATE_IN_PROGRESS   | AWS::RDS::DBInstance                      | DatabaseInstance 
ThreeTierStack |  7/78 | 3:39:18 AM | CREATE_COMPLETE      | AWS::EC2::SecurityGroup                   | DatabaseSecurityGroup 
ThreeTierStack |  7/78 | 3:39:18 AM | CREATE_IN_PROGRESS   | AWS::IAM::Role                            | BackendLambdaRole 
ThreeTierStack |  8/78 | 3:39:18 AM | CREATE_COMPLETE      | AWS::Logs::LogGroup                       | BackendLambdaLogGroup 
ThreeTierStack |  8/78 | 3:39:18 AM | CREATE_IN_PROGRESS   | AWS::EC2::SecurityGroup                   | BackendLambdaSecurityGroup 
ThreeTierStack |  9/78 | 3:39:18 AM | CREATE_COMPLETE      | AWS::IAM::Role                            | BackendLambdaRole 
ThreeTierStack |  9/78 | 3:39:18 AM | CREATE_IN_PROGRESS   | AWS::Lambda::Function                     | BackendApiLambda 
ThreeTierStack | 10/78 | 3:39:18 AM | CREATE_COMPLETE      | AWS::EC2::SecurityGroup                   | BackendLambdaSecurityGroup 
ThreeTierStack | 11/78 | 3:39:21 AM | CREATE_COMPLETE      | AWS::Lambda::Function                     | BackendApiLambda 
ThreeTierStack | 12/78 | 3:39:21 AM | CREATE_COMPLETE      | AWS::ElasticLoadBalancingV2::TargetGroup  | BackendLambdaTargetGroup Resource type AWS::ElasticLoadBalancingV2::TargetGroup is not supported but was deployed as a fallback
ThreeTierStack | 12/78 | 3:39:21 AM | CREATE_IN_PROGRESS   | AWS::ElasticLoadBalancingV2::TargetGroup  | BackendLambdaTargetGroup 
ThreeTierStack | 12/78 | 3:39:21 AM | CREATE_IN_PROGRESS   | AWS::EC2::SecurityGroup                   | AlbSecurityGroup 
ThreeTierStack | 13/78 | 3:39:21 AM | CREATE_COMPLETE      | AWS::EC2::SecurityGroup                   | AlbSecurityGroup 
ThreeTierStack | 13/78 | 3:39:21 AM | CREATE_IN_PROGRESS   | AWS::EC2::Subnet                          | PublicSubnetA 
ThreeTierStack | 14/78 | 3:39:21 AM | CREATE_COMPLETE      | AWS::EC2::Subnet                          | PublicSubnetA 
ThreeTierStack | 14/78 | 3:39:21 AM | CREATE_IN_PROGRESS   | AWS::EC2::Subnet                          | PublicSubnetB 
ThreeTierStack | 14/78 | 3:39:21 AM | CREATE_IN_PROGRESS   | AWS::ElasticLoadBalancingV2::LoadBalancer | ApplicationLoadBalancer 
ThreeTierStack | 15/78 | 3:39:21 AM | CREATE_COMPLETE      | AWS::EC2::Subnet                          | PublicSubnetB 
ThreeTierStack | 15/78 | 3:39:21 AM | CREATE_IN_PROGRESS   | AWS::Lambda::Permission                   | AlbInvokeBackendPermission 
ThreeTierStack | 16/78 | 3:39:21 AM | CREATE_COMPLETE      | AWS::ElasticLoadBalancingV2::ListenerRule | AlbBackendListenerRule Resource type AWS::ElasticLoadBalancingV2::ListenerRule is not supported but was deployed as a fallback
ThreeTierStack | 16/78 | 3:39:21 AM | CREATE_IN_PROGRESS   | AWS::ElasticLoadBalancingV2::ListenerRule | AlbBackendListenerRule 
ThreeTierStack | 17/78 | 3:39:21 AM | CREATE_COMPLETE      | AWS::ElasticLoadBalancingV2::Listener     | AlbHttpListener Resource type AWS::ElasticLoadBalancingV2::Listener is not supported but was deployed as a fallback
ThreeTierStack | 17/78 | 3:39:21 AM | CREATE_IN_PROGRESS   | AWS::ElasticLoadBalancingV2::Listener     | AlbHttpListener 
ThreeTierStack | 18/78 | 3:39:21 AM | CREATE_COMPLETE      | AWS::ElasticLoadBalancingV2::LoadBalancer | ApplicationLoadBalancer Resource type AWS::ElasticLoadBalancingV2::LoadBalancer is not supported but was deployed as a fallback
ThreeTierStack | 18/78 | 3:39:21 AM | CREATE_IN_PROGRESS   | AWS::Logs::LogGroup                       | ApiGatewayAccessLogGroup 
ThreeTierStack | 19/78 | 3:39:21 AM | CREATE_COMPLETE      | AWS::Lambda::Permission                   | AlbInvokeBackendPermission 
ThreeTierStack | 19/78 | 3:39:21 AM | CREATE_IN_PROGRESS   | AWS::IAM::Role                            | ApiGatewayLogsRole 
ThreeTierStack | 20/78 | 3:39:21 AM | CREATE_COMPLETE      | AWS::Logs::LogGroup                       | ApiGatewayAccessLogGroup 
ThreeTierStack | 20/78 | 3:39:21 AM | CREATE_IN_PROGRESS   | AWS::ApiGateway::Account                  | ApiGatewayAccount 
ThreeTierStack | 21/78 | 3:39:21 AM | CREATE_COMPLETE      | AWS::IAM::Role                            | ApiGatewayLogsRole 
ThreeTierStack | 21/78 | 3:39:21 AM | CREATE_IN_PROGRESS   | AWS::ApiGateway::RestApi                  | BackendRestApi 
ThreeTierStack | 22/78 | 3:39:21 AM | CREATE_COMPLETE      | AWS::ApiGateway::Account                  | ApiGatewayAccount 
ThreeTierStack | 22/78 | 3:39:22 AM | CREATE_IN_PROGRESS   | AWS::Lambda::Permission                   | ApiGatewayInvokeBackendPermission 
ThreeTierStack | 23/78 | 3:39:22 AM | CREATE_COMPLETE      | AWS::ApiGateway::RestApi                  | BackendRestApi 
ThreeTierStack | 23/78 | 3:39:22 AM | CREATE_IN_PROGRESS   | AWS::ApiGateway::Resource                 | HealthResource 
ThreeTierStack | 24/78 | 3:39:22 AM | CREATE_COMPLETE      | AWS::Lambda::Permission                   | ApiGatewayInvokeBackendPermission 
ThreeTierStack | 24/78 | 3:39:22 AM | CREATE_IN_PROGRESS   | AWS::ApiGateway::Method                   | HealthGetMethod 
ThreeTierStack | 25/78 | 3:39:22 AM | CREATE_COMPLETE      | AWS::ApiGateway::Resource                 | HealthResource 
ThreeTierStack | 25/78 | 3:39:22 AM | CREATE_IN_PROGRESS   | AWS::ApiGateway::Resource                 | ItemsResource 
ThreeTierStack | 26/78 | 3:39:22 AM | CREATE_COMPLETE      | AWS::ApiGateway::Method                   | HealthGetMethod 
ThreeTierStack | 26/78 | 3:39:22 AM | CREATE_IN_PROGRESS   | AWS::ApiGateway::Method                   | ItemsPostMethod 
ThreeTierStack | 27/78 | 3:39:22 AM | CREATE_COMPLETE      | AWS::ApiGateway::Resource                 | ItemsResource 
ThreeTierStack | 27/78 | 3:39:22 AM | CREATE_IN_PROGRESS   | AWS::ApiGateway::Deployment               | BackendApiDeployment 
ThreeTierStack | 28/78 | 3:39:22 AM | CREATE_COMPLETE      | AWS::ApiGateway::Method                   | ItemsPostMethod 
ThreeTierStack | 29/78 | 3:39:22 AM | CREATE_COMPLETE      | AWS::ApiGateway::Deployment               | BackendApiDeployment 
ThreeTierStack | 29/78 | 3:39:22 AM | CREATE_IN_PROGRESS   | AWS::ApiGateway::Stage                    | BackendApiProdStage 
ThreeTierStack | 29/78 | 3:39:22 AM | CREATE_IN_PROGRESS   | AWS::EC2::SecurityGroupEgress             | BackendHttpsEgress 
ThreeTierStack | 30/78 | 3:39:22 AM | CREATE_COMPLETE      | AWS::ApiGateway::Stage                    | BackendApiProdStage 
ThreeTierStack | 30/78 | 3:39:22 AM | CREATE_IN_PROGRESS   | AWS::EC2::SecurityGroupEgress             | BackendToDatabaseEgress 
ThreeTierStack | 31/78 | 3:39:22 AM | CREATE_COMPLETE      | AWS::EC2::SecurityGroupEgress             | BackendHttpsEgress 
ThreeTierStack | 31/78 | 3:39:22 AM | CREATE_IN_PROGRESS   | AWS::S3::Bucket                           | CloudTrailDeliveryBucket 
ThreeTierStack | 32/78 | 3:39:22 AM | CREATE_COMPLETE      | AWS::CDK::Metadata                        | CDKMetadata/Default (CDKMetadata) 
ThreeTierStack | 32/78 | 3:39:22 AM | CREATE_IN_PROGRESS   | AWS::CDK::Metadata                        | CDKMetadata/Default (CDKMetadata) 
ThreeTierStack | 33/78 | 3:39:22 AM | CREATE_COMPLETE      | AWS::EC2::SecurityGroupEgress             | BackendToDatabaseEgress 
ThreeTierStack | 33/78 | 3:39:22 AM | CREATE_IN_PROGRESS   | AWS::S3::BucketPolicy                     | CloudTrailDeliveryBucketPolicy 
ThreeTierStack | 34/78 | 3:39:22 AM | CREATE_COMPLETE      | AWS::S3::Bucket                           | CloudTrailDeliveryBucket 
ThreeTierStack | 34/78 | 3:39:22 AM | CREATE_IN_PROGRESS   | AWS::Logs::LogGroup                       | CloudTrailLogGroup 
ThreeTierStack | 35/78 | 3:39:22 AM | CREATE_COMPLETE      | AWS::S3::BucketPolicy                     | CloudTrailDeliveryBucketPolicy 
ThreeTierStack | 35/78 | 3:39:22 AM | CREATE_IN_PROGRESS   | AWS::IAM::Role                            | CloudTrailLogsRole 
ThreeTierStack | 36/78 | 3:39:22 AM | CREATE_COMPLETE      | AWS::Logs::LogGroup                       | CloudTrailLogGroup 
ThreeTierStack | 36/78 | 3:39:22 AM | CREATE_IN_PROGRESS   | AWS::EC2::VPCEndpoint                     | CloudWatchLogsEndpoint 
ThreeTierStack | 37/78 | 3:39:22 AM | CREATE_COMPLETE      | AWS::Config::ConfigRule                   | CloudTrailEnabledRule Resource type AWS::Config::ConfigRule is not supported but was deployed as a fallback
ThreeTierStack | 37/78 | 3:39:22 AM | CREATE_IN_PROGRESS   | AWS::Config::ConfigRule                   | CloudTrailEnabledRule 
ThreeTierStack | 38/78 | 3:39:22 AM | CREATE_COMPLETE      | AWS::CloudTrail::Trail                    | ManagementTrail Resource type AWS::CloudTrail::Trail is not supported but was deployed as a fallback
ThreeTierStack | 38/78 | 3:39:22 AM | CREATE_IN_PROGRESS   | AWS::CloudTrail::Trail                    | ManagementTrail 
ThreeTierStack | 39/78 | 3:39:22 AM | CREATE_COMPLETE      | AWS::IAM::Role                            | CloudTrailLogsRole 
ThreeTierStack | 39/78 | 3:39:22 AM | CREATE_IN_PROGRESS   | AWS::S3::Bucket                           | ConfigDeliveryBucket 
ThreeTierStack | 40/78 | 3:39:22 AM | CREATE_COMPLETE      | AWS::EC2::VPCEndpoint                     | CloudWatchLogsEndpoint 
ThreeTierStack | 40/78 | 3:39:22 AM | CREATE_IN_PROGRESS   | AWS::IAM::Role                            | ConfigRecorderRole 
ThreeTierStack | 41/78 | 3:39:22 AM | CREATE_COMPLETE      | AWS::S3::Bucket                           | ConfigDeliveryBucket 
ThreeTierStack | 41/78 | 3:39:22 AM | CREATE_IN_PROGRESS   | AWS::Config::DeliveryChannel              | ConfigDeliveryChannel 
ThreeTierStack | 42/78 | 3:39:22 AM | CREATE_COMPLETE      | AWS::Config::ConfigurationRecorder        | ConfigurationRecorder Resource type AWS::Config::ConfigurationRecorder is not supported but was deployed as a fallback
ThreeTierStack | 42/78 | 3:39:22 AM | CREATE_IN_PROGRESS   | AWS::Config::ConfigurationRecorder        | ConfigurationRecorder 
ThreeTierStack | 43/78 | 3:39:22 AM | CREATE_COMPLETE      | AWS::IAM::Role                            | ConfigRecorderRole 
ThreeTierStack | 43/78 | 3:39:22 AM | CREATE_IN_PROGRESS   | AWS::EC2::SecurityGroupIngress            | DatabaseFromBackendIngress 
ThreeTierStack | 44/78 | 3:39:22 AM | CREATE_COMPLETE      | AWS::Config::DeliveryChannel              | ConfigDeliveryChannel Resource type AWS::Config::DeliveryChannel is not supported but was deployed as a fallback
ThreeTierStack | 44/78 | 3:39:22 AM | CREATE_IN_PROGRESS   | AWS::IAM::Role                            | DatabaseInitLambdaRole 
ThreeTierStack | 45/78 | 3:39:22 AM | CREATE_COMPLETE      | AWS::EC2::SecurityGroupIngress            | DatabaseFromBackendIngress 
ThreeTierStack | 45/78 | 3:39:22 AM | CREATE_IN_PROGRESS   | AWS::Lambda::Function                     | DatabaseInitLambda 
ThreeTierStack | 46/78 | 3:39:22 AM | CREATE_COMPLETE      | AWS::IAM::Role                            | DatabaseInitLambdaRole 
ThreeTierStack | 47/78 | 3:39:22 AM | CREATE_COMPLETE      | AWS::Lambda::Function                     | DatabaseInitLambda 
ThreeTierStack | 47/78 | 3:39:22 AM | CREATE_IN_PROGRESS   | AWS::CloudFormation::CustomResource       | DatabaseInitializer 
[32m✅ Step passed: Deploy (LocalStack)[0m

Removing worker container: harness-worker-50642
harness-worker-50642
harness-worker-50642

Stopping LocalStack...
 Container localstack-harness  Stopping
 Container localstack-harness  Stopped
 Container localstack-harness  Removing
 Container localstack-harness  Removed
 Network iac-harness-network  Removing
 Network iac-harness-network  Removed
